{"D:\\New folder (3)\\Chatbull\\backend\\src\\app.ts": {"path":"D:\\New folder (3)\\Chatbull\\backend\\src\\app.ts","statementMap":{"0":{"start":{"line":1,"column":0},"end":{"line":1,"column":30}},"1":{"start":{"line":2,"column":0},"end":{"line":2,"column":24}},"2":{"start":{"line":3,"column":0},"end":{"line":3,"column":28}},"3":{"start":{"line":4,"column":0},"end":{"line":4,"column":43}},"4":{"start":{"line":5,"column":0},"end":{"line":5,"column":39}},"5":{"start":{"line":6,"column":0},"end":{"line":6,"column":39}},"6":{"start":{"line":7,"column":0},"end":{"line":7,"column":41}},"7":{"start":{"line":8,"column":0},"end":{"line":8,"column":47}},"8":{"start":{"line":9,"column":0},"end":{"line":9,"column":41}},"9":{"start":{"line":10,"column":0},"end":{"line":10,"column":39}},"10":{"start":{"line":11,"column":0},"end":{"line":11,"column":39}},"11":{"start":{"line":12,"column":0},"end":{"line":12,"column":45}},"12":{"start":{"line":13,"column":0},"end":{"line":13,"column":41}},"13":{"start":{"line":14,"column":0},"end":{"line":14,"column":35}},"14":{"start":{"line":15,"column":0},"end":{"line":15,"column":61}},"15":{"start":{"line":16,"column":0},"end":{"line":16,"column":64}},"16":{"start":{"line":18,"column":25},"end":{"line":124,"column":1}},"17":{"start":{"line":19,"column":14},"end":{"line":19,"column":23}},"18":{"start":{"line":20,"column":2},"end":{"line":20,"column":28}},"19":{"start":{"line":22,"column":25},"end":{"line":25,"column":20}},"20":{"start":{"line":24,"column":16},"end":{"line":24,"column":24}},"21":{"start":{"line":27,"column":26},"end":{"line":31,"column":3}},"22":{"start":{"line":28,"column":4},"end":{"line":28,"column":29}},"23":{"start":{"line":28,"column":17},"end":{"line":28,"column":29}},"24":{"start":{"line":29,"column":4},"end":{"line":29,"column":49}},"25":{"start":{"line":29,"column":37},"end":{"line":29,"column":49}},"26":{"start":{"line":30,"column":4},"end":{"line":30,"column":43}},"27":{"start":{"line":33,"column":2},"end":{"line":33,"column":20}},"28":{"start":{"line":34,"column":2},"end":{"line":34,"column":25}},"29":{"start":{"line":36,"column":18},"end":{"line":42,"column":4}},"30":{"start":{"line":43,"column":2},"end":{"line":43,"column":19}},"31":{"start":{"line":45,"column":2},"end":{"line":56,"column":4}},"32":{"start":{"line":48,"column":8},"end":{"line":48,"column":65}},"33":{"start":{"line":48,"column":37},"end":{"line":48,"column":65}},"34":{"start":{"line":49,"column":8},"end":{"line":49,"column":65}},"35":{"start":{"line":58,"column":2},"end":{"line":58,"column":26}},"36":{"start":{"line":60,"column":2},"end":{"line":60,"column":35}},"37":{"start":{"line":61,"column":2},"end":{"line":63,"column":3}},"38":{"start":{"line":62,"column":4},"end":{"line":62,"column":37}},"39":{"start":{"line":64,"column":2},"end":{"line":64,"column":37}},"40":{"start":{"line":65,"column":2},"end":{"line":65,"column":43}},"41":{"start":{"line":66,"column":2},"end":{"line":66,"column":37}},"42":{"start":{"line":67,"column":2},"end":{"line":67,"column":35}},"43":{"start":{"line":68,"column":2},"end":{"line":68,"column":36}},"44":{"start":{"line":69,"column":2},"end":{"line":69,"column":41}},"45":{"start":{"line":70,"column":2},"end":{"line":70,"column":39}},"46":{"start":{"line":71,"column":2},"end":{"line":71,"column":31}},"47":{"start":{"line":73,"column":2},"end":{"line":79,"column":5}},"48":{"start":{"line":74,"column":4},"end":{"line":78,"column":7}},"49":{"start":{"line":81,"column":2},"end":{"line":88,"column":5}},"50":{"start":{"line":82,"column":4},"end":{"line":87,"column":7}},"51":{"start":{"line":90,"column":2},"end":{"line":96,"column":5}},"52":{"start":{"line":91,"column":4},"end":{"line":95,"column":7}},"53":{"start":{"line":98,"column":2},"end":{"line":119,"column":5}},"54":{"start":{"line":99,"column":4},"end":{"line":118,"column":5}},"55":{"start":{"line":100,"column":22},"end":{"line":100,"column":78}},"56":{"start":{"line":102,"column":6},"end":{"line":111,"column":9}},"57":{"start":{"line":113,"column":6},"end":{"line":117,"column":9}},"58":{"start":{"line":121,"column":2},"end":{"line":121,"column":24}},"59":{"start":{"line":123,"column":2},"end":{"line":123,"column":13}},"60":{"start":{"line":18,"column":13},"end":{"line":18,"column":25}}},"fnMap":{"0":{"name":"(anonymous_1)","decl":{"start":{"line":18,"column":25},"end":{"line":18,"column":28}},"loc":{"start":{"line":18,"column":30},"end":{"line":124,"column":1}}},"1":{"name":"(anonymous_2)","decl":{"start":{"line":24,"column":9},"end":{"line":24,"column":10}},"loc":{"start":{"line":24,"column":16},"end":{"line":24,"column":24}}},"2":{"name":"(anonymous_3)","decl":{"start":{"line":27,"column":26},"end":{"line":27,"column":27}},"loc":{"start":{"line":27,"column":55},"end":{"line":31,"column":3}}},"3":{"name":"(anonymous_4)","decl":{"start":{"line":47,"column":14},"end":{"line":47,"column":15}},"loc":{"start":{"line":47,"column":45},"end":{"line":50,"column":7}}},"4":{"name":"(anonymous_5)","decl":{"start":{"line":73,"column":15},"end":{"line":73,"column":16}},"loc":{"start":{"line":73,"column":28},"end":{"line":79,"column":3}}},"5":{"name":"(anonymous_6)","decl":{"start":{"line":81,"column":21},"end":{"line":81,"column":22}},"loc":{"start":{"line":81,"column":34},"end":{"line":88,"column":3}}},"6":{"name":"(anonymous_7)","decl":{"start":{"line":90,"column":25},"end":{"line":90,"column":26}},"loc":{"start":{"line":90,"column":38},"end":{"line":96,"column":3}}},"7":{"name":"(anonymous_8)","decl":{"start":{"line":98,"column":30},"end":{"line":98,"column":35}},"loc":{"start":{"line":98,"column":49},"end":{"line":119,"column":3}}}},"branchMap":{"0":{"loc":{"start":{"line":22,"column":26},"end":{"line":22,"column":56}},"type":"binary-expr","locations":[{"start":{"line":22,"column":26},"end":{"line":22,"column":50}},{"start":{"line":22,"column":54},"end":{"line":22,"column":56}}]},"1":{"loc":{"start":{"line":28,"column":4},"end":{"line":28,"column":29}},"type":"if","locations":[{"start":{"line":28,"column":4},"end":{"line":28,"column":29}},{"start":{},"end":{}}]},"2":{"loc":{"start":{"line":29,"column":4},"end":{"line":29,"column":49}},"type":"if","locations":[{"start":{"line":29,"column":4},"end":{"line":29,"column":49}},{"start":{},"end":{}}]},"3":{"loc":{"start":{"line":48,"column":8},"end":{"line":48,"column":65}},"type":"if","locations":[{"start":{"line":48,"column":8},"end":{"line":48,"column":65}},{"start":{},"end":{}}]},"4":{"loc":{"start":{"line":61,"column":2},"end":{"line":63,"column":3}},"type":"if","locations":[{"start":{"line":61,"column":2},"end":{"line":63,"column":3}},{"start":{},"end":{}}]},"5":{"loc":{"start":{"line":100,"column":22},"end":{"line":100,"column":78}},"type":"binary-expr","locations":[{"start":{"line":100,"column":22},"end":{"line":100,"column":65}},{"start":{"line":100,"column":69},"end":{"line":100,"column":78}}]},"6":{"loc":{"start":{"line":106,"column":20},"end":{"line":106,"column":69}},"type":"cond-expr","locations":[{"start":{"line":106,"column":46},"end":{"line":106,"column":55}},{"start":{"line":106,"column":58},"end":{"line":106,"column":69}}]},"7":{"loc":{"start":{"line":107,"column":20},"end":{"line":107,"column":68}},"type":"cond-expr","locations":[{"start":{"line":107,"column":45},"end":{"line":107,"column":54}},{"start":{"line":107,"column":57},"end":{"line":107,"column":68}}]},"8":{"loc":{"start":{"line":115,"column":15},"end":{"line":115,"column":47}},"type":"binary-expr","locations":[{"start":{"line":115,"column":15},"end":{"line":115,"column":28}},{"start":{"line":115,"column":32},"end":{"line":115,"column":47}}]}},"s":{"0":10,"1":10,"2":10,"3":10,"4":10,"5":10,"6":10,"7":10,"8":10,"9":10,"10":10,"11":10,"12":10,"13":10,"14":10,"15":10,"16":10,"17":10,"18":10,"19":10,"20":10,"21":10,"22":29,"23":29,"24":0,"25":0,"26":0,"27":10,"28":10,"29":10,"30":10,"31":10,"32":29,"33":29,"34":0,"35":10,"36":10,"37":10,"38":10,"39":10,"40":10,"41":10,"42":10,"43":10,"44":10,"45":10,"46":10,"47":10,"48":1,"49":10,"50":1,"51":10,"52":0,"53":10,"54":0,"55":0,"56":0,"57":0,"58":10,"59":10,"60":10},"f":{"0":10,"1":10,"2":29,"3":29,"4":1,"5":1,"6":0,"7":0},"b":{"0":[10,10],"1":[29,0],"2":[0,0],"3":[29,0],"4":[10,0],"5":[0,0],"6":[0,0],"7":[0,0],"8":[0,0]}}
,"D:\\New folder (3)\\Chatbull\\backend\\src\\controllers\\securityController.ts": {"path":"D:\\New folder (3)\\Chatbull\\backend\\src\\controllers\\securityController.ts","statementMap":{"0":{"start":{"line":4,"column":41},"end":{"line":30,"column":1}},"1":{"start":{"line":5,"column":2},"end":{"line":29,"column":3}},"2":{"start":{"line":6,"column":26},"end":{"line":6,"column":57}},"3":{"start":{"line":7,"column":36},"end":{"line":7,"column":44}},"4":{"start":{"line":9,"column":4},"end":{"line":13,"column":5}},"5":{"start":{"line":10,"column":6},"end":{"line":12,"column":8}},"6":{"start":{"line":22,"column":4},"end":{"line":25,"column":7}},"7":{"start":{"line":27,"column":4},"end":{"line":27,"column":56}},"8":{"start":{"line":28,"column":4},"end":{"line":28,"column":78}},"9":{"start":{"line":4,"column":13},"end":{"line":4,"column":41}}},"fnMap":{"0":{"name":"(anonymous_0)","decl":{"start":{"line":4,"column":41},"end":{"line":4,"column":46}},"loc":{"start":{"line":4,"column":79},"end":{"line":30,"column":1}}}},"branchMap":{"0":{"loc":{"start":{"line":9,"column":4},"end":{"line":13,"column":5}},"type":"if","locations":[{"start":{"line":9,"column":4},"end":{"line":13,"column":5}},{"start":{},"end":{}}]},"1":{"loc":{"start":{"line":11,"column":59},"end":{"line":11,"column":89}},"type":"binary-expr","locations":[{"start":{"line":11,"column":59},"end":{"line":11,"column":76}},{"start":{"line":11,"column":80},"end":{"line":11,"column":89}}]},"2":{"loc":{"start":{"line":11,"column":112},"end":{"line":11,"column":142}},"type":"binary-expr","locations":[{"start":{"line":11,"column":112},"end":{"line":11,"column":120}},{"start":{"line":11,"column":124},"end":{"line":11,"column":142}}]}},"s":{"0":10,"1":1,"2":1,"3":1,"4":1,"5":0,"6":1,"7":0,"8":0,"9":10},"f":{"0":1},"b":{"0":[0,1],"1":[0,0],"2":[0,0]}}
,"D:\\New folder (3)\\Chatbull\\backend\\src\\middleware\\auth.ts": {"path":"D:\\New folder (3)\\Chatbull\\backend\\src\\middleware\\auth.ts","statementMap":{"0":{"start":{"line":2,"column":0},"end":{"line":2,"column":35}},"1":{"start":{"line":3,"column":0},"end":{"line":3,"column":65}},"2":{"start":{"line":11,"column":35},"end":{"line":42,"column":1}},"3":{"start":{"line":16,"column":2},"end":{"line":41,"column":3}},"4":{"start":{"line":17,"column":23},"end":{"line":17,"column":54}},"5":{"start":{"line":19,"column":4},"end":{"line":21,"column":5}},"6":{"start":{"line":20,"column":6},"end":{"line":20,"column":88}},"7":{"start":{"line":23,"column":4},"end":{"line":27,"column":5}},"8":{"start":{"line":24,"column":6},"end":{"line":26,"column":76}},"9":{"start":{"line":29,"column":20},"end":{"line":29,"column":60}},"10":{"start":{"line":31,"column":4},"end":{"line":33,"column":5}},"11":{"start":{"line":32,"column":6},"end":{"line":32,"column":65}},"12":{"start":{"line":35,"column":25},"end":{"line":35,"column":66}},"13":{"start":{"line":37,"column":5},"end":{"line":37,"column":52}},"14":{"start":{"line":38,"column":4},"end":{"line":38,"column":18}},"15":{"start":{"line":40,"column":4},"end":{"line":40,"column":71}},"16":{"start":{"line":11,"column":13},"end":{"line":11,"column":35}}},"fnMap":{"0":{"name":"(anonymous_1)","decl":{"start":{"line":11,"column":35},"end":{"line":11,"column":40}},"loc":{"start":{"line":15,"column":4},"end":{"line":42,"column":1}}}},"branchMap":{"0":{"loc":{"start":{"line":17,"column":23},"end":{"line":17,"column":54}},"type":"binary-expr","locations":[{"start":{"line":17,"column":23},"end":{"line":17,"column":48}},{"start":{"line":17,"column":52},"end":{"line":17,"column":54}}]},"1":{"loc":{"start":{"line":19,"column":4},"end":{"line":21,"column":5}},"type":"if","locations":[{"start":{"line":19,"column":4},"end":{"line":21,"column":5}},{"start":{},"end":{}}]},"2":{"loc":{"start":{"line":23,"column":4},"end":{"line":27,"column":5}},"type":"if","locations":[{"start":{"line":23,"column":4},"end":{"line":27,"column":5}},{"start":{},"end":{}}]},"3":{"loc":{"start":{"line":31,"column":4},"end":{"line":33,"column":5}},"type":"if","locations":[{"start":{"line":31,"column":4},"end":{"line":33,"column":5}},{"start":{},"end":{}}]}},"s":{"0":3,"1":3,"2":3,"3":4,"4":4,"5":4,"6":2,"7":2,"8":0,"9":2,"10":2,"11":0,"12":2,"13":1,"14":1,"15":1,"16":3},"f":{"0":4},"b":{"0":[4,1],"1":[2,2],"2":[0,2],"3":[0,2]}}
,"D:\\New folder (3)\\Chatbull\\backend\\src\\middleware\\validation.ts": {"path":"D:\\New folder (3)\\Chatbull\\backend\\src\\middleware\\validation.ts","statementMap":{"0":{"start":{"line":2,"column":0},"end":{"line":2,"column":76}},"1":{"start":{"line":5,"column":35},"end":{"line":20,"column":1}},"2":{"start":{"line":6,"column":2},"end":{"line":19,"column":4}},"3":{"start":{"line":5,"column":13},"end":{"line":5,"column":35}},"4":{"start":{"line":23,"column":38},"end":{"line":33,"column":1}},"5":{"start":{"line":24,"column":2},"end":{"line":32,"column":4}},"6":{"start":{"line":23,"column":13},"end":{"line":23,"column":38}},"7":{"start":{"line":36,"column":43},"end":{"line":50,"column":1}},"8":{"start":{"line":37,"column":2},"end":{"line":49,"column":4}},"9":{"start":{"line":36,"column":13},"end":{"line":36,"column":43}},"10":{"start":{"line":53,"column":24},"end":{"line":63,"column":1}},"11":{"start":{"line":54,"column":17},"end":{"line":54,"column":38}},"12":{"start":{"line":55,"column":2},"end":{"line":61,"column":3}},"13":{"start":{"line":56,"column":4},"end":{"line":60,"column":7}},"14":{"start":{"line":62,"column":2},"end":{"line":62,"column":9}},"15":{"start":{"line":53,"column":13},"end":{"line":53,"column":24}},"16":{"start":{"line":66,"column":35},"end":{"line":74,"column":1}},"17":{"start":{"line":67,"column":2},"end":{"line":73,"column":4}},"18":{"start":{"line":66,"column":13},"end":{"line":66,"column":35}},"19":{"start":{"line":77,"column":44},"end":{"line":93,"column":1}},"20":{"start":{"line":78,"column":2},"end":{"line":92,"column":4}},"21":{"start":{"line":77,"column":13},"end":{"line":77,"column":44}}},"fnMap":{"0":{"name":"(anonymous_0)","decl":{"start":{"line":5,"column":35},"end":{"line":5,"column":57}},"loc":{"start":{"line":5,"column":59},"end":{"line":20,"column":1}}},"1":{"name":"(anonymous_1)","decl":{"start":{"line":23,"column":38},"end":{"line":23,"column":60}},"loc":{"start":{"line":23,"column":62},"end":{"line":33,"column":1}}},"2":{"name":"(anonymous_2)","decl":{"start":{"line":36,"column":43},"end":{"line":36,"column":65}},"loc":{"start":{"line":36,"column":67},"end":{"line":50,"column":1}}},"3":{"name":"(anonymous_3)","decl":{"start":{"line":53,"column":24},"end":{"line":53,"column":25}},"loc":{"start":{"line":53,"column":76},"end":{"line":63,"column":1}}},"4":{"name":"(anonymous_4)","decl":{"start":{"line":66,"column":35},"end":{"line":66,"column":57}},"loc":{"start":{"line":66,"column":59},"end":{"line":74,"column":1}}},"5":{"name":"(anonymous_5)","decl":{"start":{"line":77,"column":44},"end":{"line":77,"column":66}},"loc":{"start":{"line":77,"column":68},"end":{"line":93,"column":1}}}},"branchMap":{"0":{"loc":{"start":{"line":55,"column":2},"end":{"line":61,"column":3}},"type":"if","locations":[{"start":{"line":55,"column":2},"end":{"line":61,"column":3}},{"start":{},"end":{}}]}},"s":{"0":10,"1":10,"2":0,"3":10,"4":10,"5":0,"6":10,"7":10,"8":10,"9":10,"10":10,"11":5,"12":5,"13":2,"14":3,"15":10,"16":10,"17":0,"18":10,"19":10,"20":20,"21":10},"f":{"0":0,"1":0,"2":10,"3":5,"4":0,"5":20},"b":{"0":[2,3]}}
,"D:\\New folder (3)\\Chatbull\\backend\\src\\models\\EmailOtp.ts": {"path":"D:\\New folder (3)\\Chatbull\\backend\\src\\models\\EmailOtp.ts","statementMap":{"0":{"start":{"line":1,"column":0},"end":{"line":1,"column":54}},"1":{"start":{"line":15,"column":23},"end":{"line":25,"column":null}},"2":{"start":{"line":28,"column":0},"end":{"line":28,"column":50}},"3":{"start":{"line":30,"column":17},"end":{"line":30,"column":70}},"4":{"start":{"line":32,"column":0},"end":{"line":32,"column":24}}},"fnMap":{},"branchMap":{},"s":{"0":9,"1":9,"2":9,"3":9,"4":9},"f":{},"b":{}}
,"D:\\New folder (3)\\Chatbull\\backend\\src\\models\\EphemeralSession.ts": {"path":"D:\\New folder (3)\\Chatbull\\backend\\src\\models\\EphemeralSession.ts","statementMap":{"0":{"start":{"line":1,"column":0},"end":{"line":1,"column":54}},"1":{"start":{"line":13,"column":39},"end":{"line":42,"column":2}},"2":{"start":{"line":44,"column":0},"end":{"line":44,"column":93}}},"fnMap":{},"branchMap":{},"s":{"0":9,"1":9,"2":9},"f":{},"b":{}}
,"D:\\New folder (3)\\Chatbull\\backend\\src\\models\\Message.ts": {"path":"D:\\New folder (3)\\Chatbull\\backend\\src\\models\\Message.ts","statementMap":{"0":{"start":{"line":1,"column":0},"end":{"line":1,"column":54}},"1":{"start":{"line":15,"column":22},"end":{"line":52,"column":null}},"2":{"start":{"line":55,"column":16},"end":{"line":55,"column":66}},"3":{"start":{"line":57,"column":0},"end":{"line":57,"column":23}}},"fnMap":{},"branchMap":{},"s":{"0":8,"1":8,"2":8,"3":8},"f":{},"b":{}}
,"D:\\New folder (3)\\Chatbull\\backend\\src\\models\\Post.ts": {"path":"D:\\New folder (3)\\Chatbull\\backend\\src\\models\\Post.ts","statementMap":{"0":{"start":{"line":1,"column":0},"end":{"line":1,"column":54}},"1":{"start":{"line":13,"column":19},"end":{"line":44,"column":null}},"2":{"start":{"line":47,"column":13},"end":{"line":47,"column":54}},"3":{"start":{"line":49,"column":0},"end":{"line":49,"column":20}}},"fnMap":{},"branchMap":{},"s":{"0":9,"1":9,"2":9,"3":9},"f":{},"b":{}}
,"D:\\New folder (3)\\Chatbull\\backend\\src\\models\\PrivateMessage.ts": {"path":"D:\\New folder (3)\\Chatbull\\backend\\src\\models\\PrivateMessage.ts","statementMap":{"0":{"start":{"line":1,"column":0},"end":{"line":1,"column":54}},"1":{"start":{"line":12,"column":29},"end":{"line":39,"column":null}},"2":{"start":{"line":33,"column":21},"end":{"line":33,"column":63}},"3":{"start":{"line":42,"column":23},"end":{"line":42,"column":94}},"4":{"start":{"line":44,"column":0},"end":{"line":44,"column":30}}},"fnMap":{"0":{"name":"(anonymous_9)","decl":{"start":{"line":33,"column":15},"end":{"line":33,"column":18}},"loc":{"start":{"line":33,"column":21},"end":{"line":33,"column":63}}}},"branchMap":{},"s":{"0":7,"1":7,"2":0,"3":7,"4":7},"f":{"0":0},"b":{}}
,"D:\\New folder (3)\\Chatbull\\backend\\src\\models\\User.ts": {"path":"D:\\New folder (3)\\Chatbull\\backend\\src\\models\\User.ts","statementMap":{"0":{"start":{"line":1,"column":0},"end":{"line":1,"column":54}},"1":{"start":{"line":20,"column":19},"end":{"line":79,"column":null}},"2":{"start":{"line":82,"column":13},"end":{"line":82,"column":54}},"3":{"start":{"line":84,"column":0},"end":{"line":84,"column":20}}},"fnMap":{},"branchMap":{},"s":{"0":5,"1":5,"2":5,"3":5},"f":{},"b":{}}
,"D:\\New folder (3)\\Chatbull\\backend\\src\\routes\\ai.ts": {"path":"D:\\New folder (3)\\Chatbull\\backend\\src\\routes\\ai.ts","statementMap":{"0":{"start":{"line":1,"column":0},"end":{"line":1,"column":52}},"1":{"start":{"line":2,"column":0},"end":{"line":2,"column":41}},"2":{"start":{"line":3,"column":0},"end":{"line":3,"column":28}},"3":{"start":{"line":4,"column":0},"end":{"line":4,"column":20}},"4":{"start":{"line":5,"column":0},"end":{"line":5,"column":24}},"5":{"start":{"line":6,"column":0},"end":{"line":6,"column":57}},"6":{"start":{"line":7,"column":0},"end":{"line":7,"column":52}},"7":{"start":{"line":9,"column":15},"end":{"line":9,"column":23}},"8":{"start":{"line":11,"column":21},"end":{"line":11,"column":62}},"9":{"start":{"line":12,"column":0},"end":{"line":14,"column":1}},"10":{"start":{"line":13,"column":2},"end":{"line":13,"column":50}},"11":{"start":{"line":16,"column":15},"end":{"line":25,"column":2}},"12":{"start":{"line":18,"column":38},"end":{"line":18,"column":60}},"13":{"start":{"line":20,"column":27},"end":{"line":20,"column":77}},"14":{"start":{"line":21,"column":6},"end":{"line":21,"column":84}},"15":{"start":{"line":27,"column":28},"end":{"line":33,"column":2}},"16":{"start":{"line":35,"column":19},"end":{"line":46,"column":1}},"17":{"start":{"line":36,"column":15},"end":{"line":36,"column":43}},"18":{"start":{"line":38,"column":2},"end":{"line":38,"column":93}},"19":{"start":{"line":38,"column":53},"end":{"line":38,"column":93}},"20":{"start":{"line":39,"column":2},"end":{"line":39,"column":134}},"21":{"start":{"line":39,"column":57},"end":{"line":39,"column":134}},"22":{"start":{"line":40,"column":2},"end":{"line":42,"column":3}},"23":{"start":{"line":41,"column":4},"end":{"line":41,"column":104}},"24":{"start":{"line":43,"column":2},"end":{"line":43,"column":106}},"25":{"start":{"line":43,"column":55},"end":{"line":43,"column":106}},"26":{"start":{"line":45,"column":2},"end":{"line":45,"column":87}},"27":{"start":{"line":48,"column":0},"end":{"line":91,"column":3}},"28":{"start":{"line":49,"column":2},"end":{"line":90,"column":3}},"29":{"start":{"line":50,"column":24},"end":{"line":50,"column":55}},"30":{"start":{"line":52,"column":19},"end":{"line":52,"column":45}},"31":{"start":{"line":53,"column":4},"end":{"line":56,"column":5}},"32":{"start":{"line":54,"column":6},"end":{"line":54,"column":74}},"33":{"start":{"line":55,"column":6},"end":{"line":55,"column":13}},"34":{"start":{"line":58,"column":21},"end":{"line":76,"column":6}},"35":{"start":{"line":78,"column":18},"end":{"line":78,"column":39}},"36":{"start":{"line":79,"column":18},"end":{"line":79,"column":62}},"37":{"start":{"line":81,"column":4},"end":{"line":84,"column":5}},"38":{"start":{"line":82,"column":6},"end":{"line":82,"column":74}},"39":{"start":{"line":83,"column":6},"end":{"line":83,"column":13}},"40":{"start":{"line":86,"column":4},"end":{"line":86,"column":51}},"41":{"start":{"line":88,"column":4},"end":{"line":88,"column":43}},"42":{"start":{"line":89,"column":4},"end":{"line":89,"column":91}},"43":{"start":{"line":93,"column":0},"end":{"line":137,"column":3}},"44":{"start":{"line":94,"column":2},"end":{"line":136,"column":3}},"45":{"start":{"line":95,"column":4},"end":{"line":98,"column":5}},"46":{"start":{"line":96,"column":6},"end":{"line":96,"column":105}},"47":{"start":{"line":97,"column":6},"end":{"line":97,"column":13}},"48":{"start":{"line":100,"column":19},"end":{"line":100,"column":45}},"49":{"start":{"line":101,"column":4},"end":{"line":104,"column":5}},"50":{"start":{"line":102,"column":6},"end":{"line":102,"column":102}},"51":{"start":{"line":103,"column":6},"end":{"line":103,"column":13}},"52":{"start":{"line":106,"column":23},"end":{"line":106,"column":64}},"53":{"start":{"line":107,"column":17},"end":{"line":107,"column":31}},"54":{"start":{"line":108,"column":21},"end":{"line":108,"column":53}},"55":{"start":{"line":109,"column":4},"end":{"line":109,"column":106}},"56":{"start":{"line":110,"column":4},"end":{"line":110,"column":38}},"57":{"start":{"line":112,"column":21},"end":{"line":118,"column":6}},"58":{"start":{"line":120,"column":18},"end":{"line":120,"column":39}},"59":{"start":{"line":121,"column":4},"end":{"line":124,"column":5}},"60":{"start":{"line":122,"column":6},"end":{"line":122,"column":102}},"61":{"start":{"line":123,"column":6},"end":{"line":123,"column":13}},"62":{"start":{"line":126,"column":4},"end":{"line":126,"column":68}},"63":{"start":{"line":128,"column":4},"end":{"line":128,"column":49}},"64":{"start":{"line":129,"column":4},"end":{"line":129,"column":93}},"65":{"start":{"line":131,"column":4},"end":{"line":135,"column":5}},"66":{"start":{"line":132,"column":6},"end":{"line":134,"column":16}},"67":{"start":{"line":133,"column":8},"end":{"line":133,"column":48}},"68":{"start":{"line":139,"column":0},"end":{"line":139,"column":22}}},"fnMap":{"0":{"name":"(anonymous_1)","decl":{"start":{"line":18,"column":17},"end":{"line":18,"column":18}},"loc":{"start":{"line":18,"column":38},"end":{"line":18,"column":60}}},"1":{"name":"(anonymous_2)","decl":{"start":{"line":19,"column":14},"end":{"line":19,"column":15}},"loc":{"start":{"line":19,"column":33},"end":{"line":22,"column":5}}},"2":{"name":"(anonymous_3)","decl":{"start":{"line":35,"column":19},"end":{"line":35,"column":20}},"loc":{"start":{"line":35,"column":47},"end":{"line":46,"column":1}}},"3":{"name":"(anonymous_4)","decl":{"start":{"line":48,"column":73},"end":{"line":48,"column":78}},"loc":{"start":{"line":48,"column":111},"end":{"line":91,"column":1}}},"4":{"name":"(anonymous_5)","decl":{"start":{"line":93,"column":72},"end":{"line":93,"column":77}},"loc":{"start":{"line":93,"column":110},"end":{"line":137,"column":1}}}},"branchMap":{"0":{"loc":{"start":{"line":12,"column":0},"end":{"line":14,"column":1}},"type":"if","locations":[{"start":{"line":12,"column":0},"end":{"line":14,"column":1}},{"start":{},"end":{}}]},"1":{"loc":{"start":{"line":21,"column":39},"end":{"line":21,"column":80}},"type":"binary-expr","locations":[{"start":{"line":21,"column":39},"end":{"line":21,"column":70}},{"start":{"line":21,"column":74},"end":{"line":21,"column":80}}]},"2":{"loc":{"start":{"line":38,"column":2},"end":{"line":38,"column":93}},"type":"if","locations":[{"start":{"line":38,"column":2},"end":{"line":38,"column":93}},{"start":{},"end":{}}]},"3":{"loc":{"start":{"line":38,"column":6},"end":{"line":38,"column":51}},"type":"binary-expr","locations":[{"start":{"line":38,"column":6},"end":{"line":38,"column":28}},{"start":{"line":38,"column":32},"end":{"line":38,"column":51}}]},"4":{"loc":{"start":{"line":39,"column":2},"end":{"line":39,"column":134}},"type":"if","locations":[{"start":{"line":39,"column":2},"end":{"line":39,"column":134}},{"start":{},"end":{}}]},"5":{"loc":{"start":{"line":39,"column":6},"end":{"line":39,"column":55}},"type":"binary-expr","locations":[{"start":{"line":39,"column":6},"end":{"line":39,"column":30}},{"start":{"line":39,"column":34},"end":{"line":39,"column":55}}]},"6":{"loc":{"start":{"line":40,"column":2},"end":{"line":42,"column":3}},"type":"if","locations":[{"start":{"line":40,"column":2},"end":{"line":42,"column":3}},{"start":{},"end":{}}]},"7":{"loc":{"start":{"line":40,"column":6},"end":{"line":40,"column":81}},"type":"binary-expr","locations":[{"start":{"line":40,"column":6},"end":{"line":40,"column":27}},{"start":{"line":40,"column":32},"end":{"line":40,"column":54}},{"start":{"line":40,"column":58},"end":{"line":40,"column":80}}]},"8":{"loc":{"start":{"line":43,"column":2},"end":{"line":43,"column":106}},"type":"if","locations":[{"start":{"line":43,"column":2},"end":{"line":43,"column":106}},{"start":{},"end":{}}]},"9":{"loc":{"start":{"line":43,"column":6},"end":{"line":43,"column":53}},"type":"binary-expr","locations":[{"start":{"line":43,"column":6},"end":{"line":43,"column":28}},{"start":{"line":43,"column":32},"end":{"line":43,"column":53}}]},"10":{"loc":{"start":{"line":53,"column":4},"end":{"line":56,"column":5}},"type":"if","locations":[{"start":{"line":53,"column":4},"end":{"line":56,"column":5}},{"start":{},"end":{}}]},"11":{"loc":{"start":{"line":65,"column":15},"end":{"line":65,"column":56}},"type":"binary-expr","locations":[{"start":{"line":65,"column":15},"end":{"line":65,"column":39}},{"start":{"line":65,"column":43},"end":{"line":65,"column":56}}]},"12":{"loc":{"start":{"line":81,"column":4},"end":{"line":84,"column":5}},"type":"if","locations":[{"start":{"line":81,"column":4},"end":{"line":84,"column":5}},{"start":{},"end":{}}]},"13":{"loc":{"start":{"line":81,"column":8},"end":{"line":81,"column":30}},"type":"binary-expr","locations":[{"start":{"line":81,"column":8},"end":{"line":81,"column":20}},{"start":{"line":81,"column":24},"end":{"line":81,"column":30}}]},"14":{"loc":{"start":{"line":95,"column":4},"end":{"line":98,"column":5}},"type":"if","locations":[{"start":{"line":95,"column":4},"end":{"line":98,"column":5}},{"start":{},"end":{}}]},"15":{"loc":{"start":{"line":101,"column":4},"end":{"line":104,"column":5}},"type":"if","locations":[{"start":{"line":101,"column":4},"end":{"line":104,"column":5}},{"start":{},"end":{}}]},"16":{"loc":{"start":{"line":108,"column":21},"end":{"line":108,"column":53}},"type":"binary-expr","locations":[{"start":{"line":108,"column":21},"end":{"line":108,"column":38}},{"start":{"line":108,"column":42},"end":{"line":108,"column":53}}]},"17":{"loc":{"start":{"line":109,"column":68},"end":{"line":109,"column":104}},"type":"binary-expr","locations":[{"start":{"line":109,"column":68},"end":{"line":109,"column":89}},{"start":{"line":109,"column":93},"end":{"line":109,"column":104}}]},"18":{"loc":{"start":{"line":121,"column":4},"end":{"line":124,"column":5}},"type":"if","locations":[{"start":{"line":121,"column":4},"end":{"line":124,"column":5}},{"start":{},"end":{}}]},"19":{"loc":{"start":{"line":122,"column":52},"end":{"line":122,"column":98}},"type":"binary-expr","locations":[{"start":{"line":122,"column":52},"end":{"line":122,"column":72}},{"start":{"line":122,"column":76},"end":{"line":122,"column":98}}]},"20":{"loc":{"start":{"line":126,"column":48},"end":{"line":126,"column":64}},"type":"binary-expr","locations":[{"start":{"line":126,"column":48},"end":{"line":126,"column":58}},{"start":{"line":126,"column":62},"end":{"line":126,"column":64}}]},"21":{"loc":{"start":{"line":129,"column":50},"end":{"line":129,"column":89}},"type":"binary-expr","locations":[{"start":{"line":129,"column":50},"end":{"line":129,"column":63}},{"start":{"line":129,"column":67},"end":{"line":129,"column":89}}]},"22":{"loc":{"start":{"line":131,"column":4},"end":{"line":135,"column":5}},"type":"if","locations":[{"start":{"line":131,"column":4},"end":{"line":135,"column":5}},{"start":{},"end":{}}]}},"s":{"0":10,"1":10,"2":10,"3":10,"4":10,"5":10,"6":10,"7":10,"8":10,"9":10,"10":0,"11":10,"12":0,"13":0,"14":0,"15":10,"16":10,"17":1,"18":1,"19":1,"20":0,"21":0,"22":0,"23":0,"24":0,"25":0,"26":0,"27":10,"28":1,"29":1,"30":1,"31":1,"32":1,"33":1,"34":0,"35":0,"36":0,"37":0,"38":0,"39":0,"40":0,"41":0,"42":0,"43":10,"44":0,"45":0,"46":0,"47":0,"48":0,"49":0,"50":0,"51":0,"52":0,"53":0,"54":0,"55":0,"56":0,"57":0,"58":0,"59":0,"60":0,"61":0,"62":0,"63":0,"64":0,"65":0,"66":0,"67":0,"68":10},"f":{"0":0,"1":0,"2":1,"3":1,"4":0},"b":{"0":[0,10],"1":[0,0],"2":[1,0],"3":[1,0],"4":[0,0],"5":[0,0],"6":[0,0],"7":[0,0,0],"8":[0,0],"9":[0,0],"10":[1,0],"11":[0,0],"12":[0,0],"13":[0,0],"14":[0,0],"15":[0,0],"16":[0,0],"17":[0,0],"18":[0,0],"19":[0,0],"20":[0,0],"21":[0,0],"22":[0,0]}}
,"D:\\New folder (3)\\Chatbull\\backend\\src\\routes\\auth.ts": {"path":"D:\\New folder (3)\\Chatbull\\backend\\src\\routes\\auth.ts","statementMap":{"0":{"start":{"line":1,"column":0},"end":{"line":1,"column":52}},"1":{"start":{"line":2,"column":0},"end":{"line":2,"column":34}},"2":{"start":{"line":4,"column":0},"end":{"line":4,"column":57}},"3":{"start":{"line":5,"column":0},"end":{"line":5,"column":43}},"4":{"start":{"line":6,"column":0},"end":{"line":6,"column":28}},"5":{"start":{"line":7,"column":0},"end":{"line":7,"column":42}},"6":{"start":{"line":8,"column":0},"end":{"line":8,"column":50}},"7":{"start":{"line":9,"column":0},"end":{"line":9,"column":35}},"8":{"start":{"line":10,"column":0},"end":{"line":10,"column":65}},"9":{"start":{"line":12,"column":15},"end":{"line":12,"column":23}},"10":{"start":{"line":14,"column":24},"end":{"line":19,"column":2}},"11":{"start":{"line":21,"column":23},"end":{"line":21,"column":82}},"12":{"start":{"line":21,"column":42},"end":{"line":21,"column":82}},"13":{"start":{"line":23,"column":20},"end":{"line":25,"column":1}},"14":{"start":{"line":24,"column":2},"end":{"line":24,"column":61}},"15":{"start":{"line":27,"column":16},"end":{"line":29,"column":1}},"16":{"start":{"line":28,"column":2},"end":{"line":28,"column":76}},"17":{"start":{"line":32,"column":0},"end":{"line":209,"column":3}},"18":{"start":{"line":33,"column":2},"end":{"line":208,"column":3}},"19":{"start":{"line":34,"column":26},"end":{"line":34,"column":null}},"20":{"start":{"line":42,"column":17},"end":{"line":42,"column":31}},"21":{"start":{"line":43,"column":32},"end":{"line":43,"column":48}},"22":{"start":{"line":44,"column":29},"end":{"line":44,"column":42}},"23":{"start":{"line":45,"column":32},"end":{"line":45,"column":48}},"24":{"start":{"line":47,"column":24},"end":{"line":47,"column":40}},"25":{"start":{"line":48,"column":18},"end":{"line":48,"column":85}},"26":{"start":{"line":49,"column":24},"end":{"line":49,"column":103}},"27":{"start":{"line":51,"column":4},"end":{"line":54,"column":5}},"28":{"start":{"line":52,"column":6},"end":{"line":52,"column":107}},"29":{"start":{"line":53,"column":6},"end":{"line":53,"column":13}},"30":{"start":{"line":57,"column":6},"end":{"line":59,"column":59}},"31":{"start":{"line":62,"column":6},"end":{"line":64,"column":8}},"32":{"start":{"line":66,"column":15},"end":{"line":66,"column":19}},"33":{"start":{"line":67,"column":18},"end":{"line":67,"column":19}},"34":{"start":{"line":68,"column":24},"end":{"line":68,"column":25}},"35":{"start":{"line":70,"column":4},"end":{"line":164,"column":5}},"36":{"start":{"line":71,"column":6},"end":{"line":161,"column":7}},"37":{"start":{"line":73,"column":8},"end":{"line":73,"column":51}},"38":{"start":{"line":75,"column":8},"end":{"line":102,"column":9}},"39":{"start":{"line":77,"column":10},"end":{"line":77,"column":40}},"40":{"start":{"line":77,"column":21},"end":{"line":77,"column":40}},"41":{"start":{"line":78,"column":10},"end":{"line":78,"column":69}},"42":{"start":{"line":79,"column":10},"end":{"line":79,"column":60}},"43":{"start":{"line":80,"column":10},"end":{"line":80,"column":61}},"44":{"start":{"line":81,"column":10},"end":{"line":81,"column":31}},"45":{"start":{"line":82,"column":10},"end":{"line":82,"column":37}},"46":{"start":{"line":83,"column":10},"end":{"line":83,"column":28}},"47":{"start":{"line":86,"column":32},"end":{"line":93,"column":12}},"48":{"start":{"line":94,"column":10},"end":{"line":94,"column":44}},"49":{"start":{"line":94,"column":21},"end":{"line":94,"column":44}},"50":{"start":{"line":97,"column":10},"end":{"line":99,"column":11}},"51":{"start":{"line":98,"column":12},"end":{"line":98,"column":97}},"52":{"start":{"line":101,"column":10},"end":{"line":101,"column":45}},"53":{"start":{"line":104,"column":8},"end":{"line":160,"column":9}},"54":{"start":{"line":108,"column":10},"end":{"line":155,"column":11}},"55":{"start":{"line":110,"column":12},"end":{"line":110,"column":88}},"56":{"start":{"line":111,"column":12},"end":{"line":119,"column":13}},"57":{"start":{"line":112,"column":14},"end":{"line":112,"column":44}},"58":{"start":{"line":112,"column":25},"end":{"line":112,"column":44}},"59":{"start":{"line":113,"column":14},"end":{"line":113,"column":73}},"60":{"start":{"line":114,"column":14},"end":{"line":114,"column":64}},"61":{"start":{"line":115,"column":14},"end":{"line":115,"column":65}},"62":{"start":{"line":116,"column":14},"end":{"line":116,"column":35}},"63":{"start":{"line":117,"column":14},"end":{"line":117,"column":41}},"64":{"start":{"line":118,"column":14},"end":{"line":118,"column":32}},"65":{"start":{"line":123,"column":12},"end":{"line":123,"column":49}},"66":{"start":{"line":124,"column":12},"end":{"line":154,"column":13}},"67":{"start":{"line":125,"column":14},"end":{"line":125,"column":64}},"68":{"start":{"line":126,"column":14},"end":{"line":126,"column":45}},"69":{"start":{"line":127,"column":14},"end":{"line":127,"column":73}},"70":{"start":{"line":128,"column":14},"end":{"line":128,"column":64}},"71":{"start":{"line":129,"column":14},"end":{"line":129,"column":65}},"72":{"start":{"line":130,"column":14},"end":{"line":130,"column":35}},"73":{"start":{"line":131,"column":14},"end":{"line":131,"column":41}},"74":{"start":{"line":132,"column":14},"end":{"line":132,"column":32}},"75":{"start":{"line":133,"column":14},"end":{"line":133,"column":62}},"76":{"start":{"line":136,"column":14},"end":{"line":136,"column":57}},"77":{"start":{"line":137,"column":14},"end":{"line":153,"column":15}},"78":{"start":{"line":138,"column":16},"end":{"line":138,"column":89}},"79":{"start":{"line":139,"column":16},"end":{"line":139,"column":35}},"80":{"start":{"line":140,"column":16},"end":{"line":140,"column":75}},"81":{"start":{"line":141,"column":16},"end":{"line":141,"column":66}},"82":{"start":{"line":142,"column":16},"end":{"line":142,"column":67}},"83":{"start":{"line":143,"column":16},"end":{"line":143,"column":37}},"84":{"start":{"line":144,"column":16},"end":{"line":144,"column":43}},"85":{"start":{"line":145,"column":16},"end":{"line":145,"column":34}},"86":{"start":{"line":146,"column":16},"end":{"line":146,"column":70}},"87":{"start":{"line":149,"column":16},"end":{"line":152,"column":17}},"88":{"start":{"line":150,"column":18},"end":{"line":150,"column":80}},"89":{"start":{"line":151,"column":18},"end":{"line":151,"column":73}},"90":{"start":{"line":151,"column":47},"end":{"line":151,"column":71}},"91":{"start":{"line":158,"column":10},"end":{"line":158,"column":73}},"92":{"start":{"line":159,"column":10},"end":{"line":159,"column":28}},"93":{"start":{"line":163,"column":6},"end":{"line":163,"column":16}},"94":{"start":{"line":167,"column":4},"end":{"line":170,"column":5}},"95":{"start":{"line":168,"column":6},"end":{"line":168,"column":65}},"96":{"start":{"line":169,"column":6},"end":{"line":169,"column":79}},"97":{"start":{"line":173,"column":4},"end":{"line":175,"column":5}},"98":{"start":{"line":174,"column":6},"end":{"line":174,"column":55}},"99":{"start":{"line":177,"column":4},"end":{"line":187,"column":7}},"100":{"start":{"line":189,"column":4},"end":{"line":198,"column":5}},"101":{"start":{"line":190,"column":6},"end":{"line":195,"column":9}},"102":{"start":{"line":197,"column":6},"end":{"line":197,"column":69}},"103":{"start":{"line":201,"column":4},"end":{"line":207,"column":7}},"104":{"start":{"line":211,"column":0},"end":{"line":241,"column":3}},"105":{"start":{"line":212,"column":2},"end":{"line":240,"column":3}},"106":{"start":{"line":213,"column":18},"end":{"line":213,"column":49}},"107":{"start":{"line":214,"column":4},"end":{"line":217,"column":5}},"108":{"start":{"line":215,"column":6},"end":{"line":215,"column":81}},"109":{"start":{"line":216,"column":6},"end":{"line":216,"column":13}},"110":{"start":{"line":219,"column":16},"end":{"line":219,"column":29}},"111":{"start":{"line":220,"column":20},"end":{"line":220,"column":58}},"112":{"start":{"line":221,"column":20},"end":{"line":221,"column":41}},"113":{"start":{"line":222,"column":23},"end":{"line":222,"column":72}},"114":{"start":{"line":223,"column":22},"end":{"line":223,"column":67}},"115":{"start":{"line":225,"column":4},"end":{"line":233,"column":7}},"116":{"start":{"line":235,"column":4},"end":{"line":235,"column":35}},"117":{"start":{"line":237,"column":4},"end":{"line":237,"column":65}},"118":{"start":{"line":239,"column":4},"end":{"line":239,"column":91}},"119":{"start":{"line":243,"column":0},"end":{"line":307,"column":3}},"120":{"start":{"line":244,"column":2},"end":{"line":306,"column":3}},"121":{"start":{"line":245,"column":18},"end":{"line":245,"column":49}},"122":{"start":{"line":246,"column":16},"end":{"line":246,"column":50}},"123":{"start":{"line":248,"column":4},"end":{"line":251,"column":5}},"124":{"start":{"line":249,"column":6},"end":{"line":249,"column":98}},"125":{"start":{"line":250,"column":6},"end":{"line":250,"column":13}},"126":{"start":{"line":253,"column":19},"end":{"line":253,"column":76}},"127":{"start":{"line":254,"column":4},"end":{"line":257,"column":5}},"128":{"start":{"line":255,"column":6},"end":{"line":255,"column":80}},"129":{"start":{"line":256,"column":6},"end":{"line":256,"column":13}},"130":{"start":{"line":259,"column":4},"end":{"line":262,"column":5}},"131":{"start":{"line":260,"column":6},"end":{"line":260,"column":74}},"132":{"start":{"line":261,"column":6},"end":{"line":261,"column":13}},"133":{"start":{"line":264,"column":4},"end":{"line":267,"column":5}},"134":{"start":{"line":265,"column":6},"end":{"line":265,"column":69}},"135":{"start":{"line":266,"column":6},"end":{"line":266,"column":13}},"136":{"start":{"line":269,"column":4},"end":{"line":272,"column":5}},"137":{"start":{"line":270,"column":6},"end":{"line":270,"column":75}},"138":{"start":{"line":271,"column":6},"end":{"line":271,"column":13}},"139":{"start":{"line":274,"column":21},"end":{"line":274,"column":49}},"140":{"start":{"line":275,"column":4},"end":{"line":280,"column":5}},"141":{"start":{"line":276,"column":6},"end":{"line":276,"column":31}},"142":{"start":{"line":277,"column":6},"end":{"line":277,"column":26}},"143":{"start":{"line":278,"column":6},"end":{"line":278,"column":80}},"144":{"start":{"line":279,"column":6},"end":{"line":279,"column":13}},"145":{"start":{"line":282,"column":4},"end":{"line":282,"column":31}},"146":{"start":{"line":283,"column":4},"end":{"line":283,"column":24}},"147":{"start":{"line":285,"column":4},"end":{"line":288,"column":5}},"148":{"start":{"line":286,"column":6},"end":{"line":286,"column":105}},"149":{"start":{"line":287,"column":6},"end":{"line":287,"column":13}},"150":{"start":{"line":291,"column":4},"end":{"line":299,"column":5}},"151":{"start":{"line":292,"column":6},"end":{"line":292,"column":62}},"152":{"start":{"line":294,"column":6},"end":{"line":298,"column":7}},"153":{"start":{"line":295,"column":8},"end":{"line":295,"column":85}},"154":{"start":{"line":297,"column":8},"end":{"line":297,"column":16}},"155":{"start":{"line":301,"column":24},"end":{"line":301,"column":78}},"156":{"start":{"line":303,"column":4},"end":{"line":303,"column":57}},"157":{"start":{"line":305,"column":4},"end":{"line":305,"column":93}},"158":{"start":{"line":310,"column":0},"end":{"line":332,"column":3}},"159":{"start":{"line":311,"column":2},"end":{"line":331,"column":3}},"160":{"start":{"line":312,"column":26},"end":{"line":312,"column":76}},"161":{"start":{"line":313,"column":28},"end":{"line":313,"column":38}},"162":{"start":{"line":315,"column":4},"end":{"line":318,"column":5}},"163":{"start":{"line":316,"column":6},"end":{"line":316,"column":86}},"164":{"start":{"line":317,"column":6},"end":{"line":317,"column":13}},"165":{"start":{"line":320,"column":17},"end":{"line":320,"column":52}},"166":{"start":{"line":322,"column":4},"end":{"line":325,"column":5}},"167":{"start":{"line":323,"column":6},"end":{"line":323,"column":56}},"168":{"start":{"line":324,"column":6},"end":{"line":324,"column":13}},"169":{"start":{"line":327,"column":4},"end":{"line":327,"column":35}},"170":{"start":{"line":329,"column":4},"end":{"line":329,"column":47}},"171":{"start":{"line":330,"column":4},"end":{"line":330,"column":61}},"172":{"start":{"line":335,"column":0},"end":{"line":343,"column":3}},"173":{"start":{"line":336,"column":2},"end":{"line":342,"column":3}},"174":{"start":{"line":337,"column":18},"end":{"line":337,"column":85}},"175":{"start":{"line":338,"column":4},"end":{"line":338,"column":36}},"176":{"start":{"line":340,"column":4},"end":{"line":340,"column":45}},"177":{"start":{"line":341,"column":4},"end":{"line":341,"column":61}},"178":{"start":{"line":346,"column":0},"end":{"line":360,"column":3}},"179":{"start":{"line":347,"column":2},"end":{"line":359,"column":3}},"180":{"start":{"line":348,"column":26},"end":{"line":348,"column":76}},"181":{"start":{"line":350,"column":4},"end":{"line":353,"column":6}},"182":{"start":{"line":355,"column":4},"end":{"line":355,"column":65}},"183":{"start":{"line":357,"column":4},"end":{"line":357,"column":42}},"184":{"start":{"line":358,"column":4},"end":{"line":358,"column":61}},"185":{"start":{"line":362,"column":0},"end":{"line":362,"column":22}}},"fnMap":{"0":{"name":"(anonymous_1)","decl":{"start":{"line":21,"column":23},"end":{"line":21,"column":24}},"loc":{"start":{"line":21,"column":42},"end":{"line":21,"column":82}}},"1":{"name":"(anonymous_2)","decl":{"start":{"line":23,"column":20},"end":{"line":23,"column":31}},"loc":{"start":{"line":23,"column":33},"end":{"line":25,"column":1}}},"2":{"name":"(anonymous_3)","decl":{"start":{"line":27,"column":16},"end":{"line":27,"column":17}},"loc":{"start":{"line":27,"column":54},"end":{"line":29,"column":1}}},"3":{"name":"(anonymous_4)","decl":{"start":{"line":32,"column":42},"end":{"line":32,"column":47}},"loc":{"start":{"line":32,"column":80},"end":{"line":209,"column":1}}},"4":{"name":"(anonymous_5)","decl":{"start":{"line":151,"column":36},"end":{"line":151,"column":43}},"loc":{"start":{"line":151,"column":47},"end":{"line":151,"column":71}}},"5":{"name":"(anonymous_6)","decl":{"start":{"line":211,"column":48},"end":{"line":211,"column":53}},"loc":{"start":{"line":211,"column":86},"end":{"line":241,"column":1}}},"6":{"name":"(anonymous_7)","decl":{"start":{"line":243,"column":50},"end":{"line":243,"column":55}},"loc":{"start":{"line":243,"column":88},"end":{"line":307,"column":1}}},"7":{"name":"(anonymous_8)","decl":{"start":{"line":310,"column":57},"end":{"line":310,"column":62}},"loc":{"start":{"line":310,"column":95},"end":{"line":332,"column":1}}},"8":{"name":"(anonymous_9)","decl":{"start":{"line":335,"column":42},"end":{"line":335,"column":47}},"loc":{"start":{"line":335,"column":80},"end":{"line":343,"column":1}}},"9":{"name":"(anonymous_10)","decl":{"start":{"line":346,"column":44},"end":{"line":346,"column":49}},"loc":{"start":{"line":346,"column":82},"end":{"line":360,"column":1}}}},"branchMap":{"0":{"loc":{"start":{"line":21,"column":49},"end":{"line":21,"column":60}},"type":"binary-expr","locations":[{"start":{"line":21,"column":49},"end":{"line":21,"column":54}},{"start":{"line":21,"column":58},"end":{"line":21,"column":60}}]},"1":{"loc":{"start":{"line":42,"column":17},"end":{"line":42,"column":31}},"type":"binary-expr","locations":[{"start":{"line":42,"column":17},"end":{"line":42,"column":25}},{"start":{"line":42,"column":29},"end":{"line":42,"column":31}}]},"2":{"loc":{"start":{"line":48,"column":25},"end":{"line":48,"column":63}},"type":"binary-expr","locations":[{"start":{"line":48,"column":25},"end":{"line":48,"column":43}},{"start":{"line":48,"column":47},"end":{"line":48,"column":57}},{"start":{"line":48,"column":61},"end":{"line":48,"column":63}}]},"3":{"loc":{"start":{"line":49,"column":31},"end":{"line":49,"column":95}},"type":"binary-expr","locations":[{"start":{"line":49,"column":31},"end":{"line":49,"column":50}},{"start":{"line":49,"column":55},"end":{"line":49,"column":89}},{"start":{"line":49,"column":93},"end":{"line":49,"column":95}}]},"4":{"loc":{"start":{"line":51,"column":4},"end":{"line":54,"column":5}},"type":"if","locations":[{"start":{"line":51,"column":4},"end":{"line":54,"column":5}},{"start":{},"end":{}}]},"5":{"loc":{"start":{"line":51,"column":8},"end":{"line":51,"column":48}},"type":"binary-expr","locations":[{"start":{"line":51,"column":8},"end":{"line":51,"column":20}},{"start":{"line":51,"column":25},"end":{"line":51,"column":31}},{"start":{"line":51,"column":35},"end":{"line":51,"column":47}}]},"6":{"loc":{"start":{"line":57,"column":6},"end":{"line":59,"column":59}},"type":"binary-expr","locations":[{"start":{"line":57,"column":6},"end":{"line":57,"column":25}},{"start":{"line":58,"column":6},"end":{"line":58,"column":23}},{"start":{"line":59,"column":7},"end":{"line":59,"column":58}}]},"7":{"loc":{"start":{"line":59,"column":7},"end":{"line":59,"column":58}},"type":"cond-expr","locations":[{"start":{"line":59,"column":15},"end":{"line":59,"column":34}},{"start":{"line":59,"column":37},"end":{"line":59,"column":58}}]},"8":{"loc":{"start":{"line":59,"column":37},"end":{"line":59,"column":58}},"type":"binary-expr","locations":[{"start":{"line":59,"column":37},"end":{"line":59,"column":48}},{"start":{"line":59,"column":52},"end":{"line":59,"column":58}}]},"9":{"loc":{"start":{"line":62,"column":6},"end":{"line":64,"column":8}},"type":"binary-expr","locations":[{"start":{"line":62,"column":6},"end":{"line":62,"column":22}},{"start":{"line":63,"column":6},"end":{"line":63,"column":26}},{"start":{"line":64,"column":6},"end":{"line":64,"column":8}}]},"10":{"loc":{"start":{"line":70,"column":11},"end":{"line":70,"column":42}},"type":"binary-expr","locations":[{"start":{"line":70,"column":11},"end":{"line":70,"column":33}},{"start":{"line":70,"column":37},"end":{"line":70,"column":42}}]},"11":{"loc":{"start":{"line":75,"column":8},"end":{"line":102,"column":9}},"type":"if","locations":[{"start":{"line":75,"column":8},"end":{"line":102,"column":9}},{"start":{"line":84,"column":15},"end":{"line":102,"column":9}}]},"12":{"loc":{"start":{"line":77,"column":10},"end":{"line":77,"column":40}},"type":"if","locations":[{"start":{"line":77,"column":10},"end":{"line":77,"column":40}},{"start":{},"end":{}}]},"13":{"loc":{"start":{"line":78,"column":29},"end":{"line":78,"column":68}},"type":"binary-expr","locations":[{"start":{"line":78,"column":29},"end":{"line":78,"column":48}},{"start":{"line":78,"column":52},"end":{"line":78,"column":68}}]},"14":{"loc":{"start":{"line":79,"column":26},"end":{"line":79,"column":59}},"type":"binary-expr","locations":[{"start":{"line":79,"column":26},"end":{"line":79,"column":42}},{"start":{"line":79,"column":46},"end":{"line":79,"column":59}}]},"15":{"loc":{"start":{"line":80,"column":29},"end":{"line":80,"column":60}},"type":"binary-expr","locations":[{"start":{"line":80,"column":29},"end":{"line":80,"column":40}},{"start":{"line":80,"column":44},"end":{"line":80,"column":60}}]},"16":{"loc":{"start":{"line":90,"column":25},"end":{"line":90,"column":42}},"type":"binary-expr","locations":[{"start":{"line":90,"column":25},"end":{"line":90,"column":36}},{"start":{"line":90,"column":40},"end":{"line":90,"column":42}}]},"17":{"loc":{"start":{"line":94,"column":10},"end":{"line":94,"column":44}},"type":"if","locations":[{"start":{"line":94,"column":10},"end":{"line":94,"column":44}},{"start":{},"end":{}}]},"18":{"loc":{"start":{"line":97,"column":10},"end":{"line":99,"column":11}},"type":"if","locations":[{"start":{"line":97,"column":10},"end":{"line":99,"column":11}},{"start":{},"end":{}}]},"19":{"loc":{"start":{"line":97,"column":14},"end":{"line":97,"column":70}},"type":"binary-expr","locations":[{"start":{"line":97,"column":14},"end":{"line":97,"column":33}},{"start":{"line":97,"column":37},"end":{"line":97,"column":70}}]},"20":{"loc":{"start":{"line":104,"column":8},"end":{"line":160,"column":9}},"type":"if","locations":[{"start":{"line":104,"column":8},"end":{"line":160,"column":9}},{"start":{"line":156,"column":15},"end":{"line":160,"column":9}}]},"21":{"loc":{"start":{"line":108,"column":10},"end":{"line":155,"column":11}},"type":"if","locations":[{"start":{"line":108,"column":10},"end":{"line":155,"column":11}},{"start":{"line":120,"column":17},"end":{"line":155,"column":11}}]},"22":{"loc":{"start":{"line":110,"column":19},"end":{"line":110,"column":87}},"type":"binary-expr","locations":[{"start":{"line":110,"column":19},"end":{"line":110,"column":48}},{"start":{"line":110,"column":52},"end":{"line":110,"column":87}}]},"23":{"loc":{"start":{"line":111,"column":12},"end":{"line":119,"column":13}},"type":"if","locations":[{"start":{"line":111,"column":12},"end":{"line":119,"column":13}},{"start":{},"end":{}}]},"24":{"loc":{"start":{"line":112,"column":14},"end":{"line":112,"column":44}},"type":"if","locations":[{"start":{"line":112,"column":14},"end":{"line":112,"column":44}},{"start":{},"end":{}}]},"25":{"loc":{"start":{"line":113,"column":33},"end":{"line":113,"column":72}},"type":"binary-expr","locations":[{"start":{"line":113,"column":33},"end":{"line":113,"column":52}},{"start":{"line":113,"column":56},"end":{"line":113,"column":72}}]},"26":{"loc":{"start":{"line":114,"column":30},"end":{"line":114,"column":63}},"type":"binary-expr","locations":[{"start":{"line":114,"column":30},"end":{"line":114,"column":46}},{"start":{"line":114,"column":50},"end":{"line":114,"column":63}}]},"27":{"loc":{"start":{"line":115,"column":33},"end":{"line":115,"column":64}},"type":"binary-expr","locations":[{"start":{"line":115,"column":33},"end":{"line":115,"column":44}},{"start":{"line":115,"column":48},"end":{"line":115,"column":64}}]},"28":{"loc":{"start":{"line":124,"column":12},"end":{"line":154,"column":13}},"type":"if","locations":[{"start":{"line":124,"column":12},"end":{"line":154,"column":13}},{"start":{"line":134,"column":19},"end":{"line":154,"column":13}}]},"29":{"loc":{"start":{"line":127,"column":33},"end":{"line":127,"column":72}},"type":"binary-expr","locations":[{"start":{"line":127,"column":33},"end":{"line":127,"column":52}},{"start":{"line":127,"column":56},"end":{"line":127,"column":72}}]},"30":{"loc":{"start":{"line":128,"column":30},"end":{"line":128,"column":63}},"type":"binary-expr","locations":[{"start":{"line":128,"column":30},"end":{"line":128,"column":46}},{"start":{"line":128,"column":50},"end":{"line":128,"column":63}}]},"31":{"loc":{"start":{"line":129,"column":33},"end":{"line":129,"column":64}},"type":"binary-expr","locations":[{"start":{"line":129,"column":33},"end":{"line":129,"column":44}},{"start":{"line":129,"column":48},"end":{"line":129,"column":64}}]},"32":{"loc":{"start":{"line":137,"column":14},"end":{"line":153,"column":15}},"type":"if","locations":[{"start":{"line":137,"column":14},"end":{"line":153,"column":15}},{"start":{"line":147,"column":21},"end":{"line":153,"column":15}}]},"33":{"loc":{"start":{"line":140,"column":35},"end":{"line":140,"column":74}},"type":"binary-expr","locations":[{"start":{"line":140,"column":35},"end":{"line":140,"column":54}},{"start":{"line":140,"column":58},"end":{"line":140,"column":74}}]},"34":{"loc":{"start":{"line":141,"column":32},"end":{"line":141,"column":65}},"type":"binary-expr","locations":[{"start":{"line":141,"column":32},"end":{"line":141,"column":48}},{"start":{"line":141,"column":52},"end":{"line":141,"column":65}}]},"35":{"loc":{"start":{"line":142,"column":35},"end":{"line":142,"column":66}},"type":"binary-expr","locations":[{"start":{"line":142,"column":35},"end":{"line":142,"column":46}},{"start":{"line":142,"column":50},"end":{"line":142,"column":66}}]},"36":{"loc":{"start":{"line":149,"column":16},"end":{"line":152,"column":17}},"type":"if","locations":[{"start":{"line":149,"column":16},"end":{"line":152,"column":17}},{"start":{},"end":{}}]},"37":{"loc":{"start":{"line":167,"column":4},"end":{"line":170,"column":5}},"type":"if","locations":[{"start":{"line":167,"column":4},"end":{"line":170,"column":5}},{"start":{},"end":{}}]},"38":{"loc":{"start":{"line":173,"column":4},"end":{"line":175,"column":5}},"type":"if","locations":[{"start":{"line":173,"column":4},"end":{"line":175,"column":5}},{"start":{},"end":{}}]},"39":{"loc":{"start":{"line":189,"column":4},"end":{"line":198,"column":5}},"type":"if","locations":[{"start":{"line":189,"column":4},"end":{"line":198,"column":5}},{"start":{"line":196,"column":11},"end":{"line":198,"column":5}}]},"40":{"loc":{"start":{"line":197,"column":40},"end":{"line":197,"column":67}},"type":"binary-expr","locations":[{"start":{"line":197,"column":40},"end":{"line":197,"column":54}},{"start":{"line":197,"column":58},"end":{"line":197,"column":67}}]},"41":{"loc":{"start":{"line":203,"column":15},"end":{"line":203,"column":95}},"type":"cond-expr","locations":[{"start":{"line":203,"column":56},"end":{"line":203,"column":69}},{"start":{"line":203,"column":72},"end":{"line":203,"column":95}}]},"42":{"loc":{"start":{"line":204,"column":12},"end":{"line":204,"column":75}},"type":"cond-expr","locations":[{"start":{"line":204,"column":53},"end":{"line":204,"column":63}},{"start":{"line":204,"column":66},"end":{"line":204,"column":75}}]},"43":{"loc":{"start":{"line":206,"column":17},"end":{"line":206,"column":57}},"type":"binary-expr","locations":[{"start":{"line":206,"column":17},"end":{"line":206,"column":44}},{"start":{"line":206,"column":48},"end":{"line":206,"column":57}}]},"44":{"loc":{"start":{"line":214,"column":4},"end":{"line":217,"column":5}},"type":"if","locations":[{"start":{"line":214,"column":4},"end":{"line":217,"column":5}},{"start":{},"end":{}}]},"45":{"loc":{"start":{"line":214,"column":8},"end":{"line":214,"column":38}},"type":"binary-expr","locations":[{"start":{"line":214,"column":8},"end":{"line":214,"column":14}},{"start":{"line":214,"column":18},"end":{"line":214,"column":38}}]},"46":{"loc":{"start":{"line":222,"column":30},"end":{"line":222,"column":71}},"type":"binary-expr","locations":[{"start":{"line":222,"column":30},"end":{"line":222,"column":63}},{"start":{"line":222,"column":67},"end":{"line":222,"column":71}}]},"47":{"loc":{"start":{"line":239,"column":50},"end":{"line":239,"column":87}},"type":"binary-expr","locations":[{"start":{"line":239,"column":50},"end":{"line":239,"column":63}},{"start":{"line":239,"column":67},"end":{"line":239,"column":87}}]},"48":{"loc":{"start":{"line":246,"column":23},"end":{"line":246,"column":42}},"type":"binary-expr","locations":[{"start":{"line":246,"column":23},"end":{"line":246,"column":36}},{"start":{"line":246,"column":40},"end":{"line":246,"column":42}}]},"49":{"loc":{"start":{"line":248,"column":4},"end":{"line":251,"column":5}},"type":"if","locations":[{"start":{"line":248,"column":4},"end":{"line":251,"column":5}},{"start":{},"end":{}}]},"50":{"loc":{"start":{"line":248,"column":8},"end":{"line":248,"column":58}},"type":"binary-expr","locations":[{"start":{"line":248,"column":8},"end":{"line":248,"column":14}},{"start":{"line":248,"column":18},"end":{"line":248,"column":38}},{"start":{"line":248,"column":42},"end":{"line":248,"column":58}}]},"51":{"loc":{"start":{"line":254,"column":4},"end":{"line":257,"column":5}},"type":"if","locations":[{"start":{"line":254,"column":4},"end":{"line":257,"column":5}},{"start":{},"end":{}}]},"52":{"loc":{"start":{"line":259,"column":4},"end":{"line":262,"column":5}},"type":"if","locations":[{"start":{"line":259,"column":4},"end":{"line":262,"column":5}},{"start":{},"end":{}}]},"53":{"loc":{"start":{"line":264,"column":4},"end":{"line":267,"column":5}},"type":"if","locations":[{"start":{"line":264,"column":4},"end":{"line":267,"column":5}},{"start":{},"end":{}}]},"54":{"loc":{"start":{"line":269,"column":4},"end":{"line":272,"column":5}},"type":"if","locations":[{"start":{"line":269,"column":4},"end":{"line":272,"column":5}},{"start":{},"end":{}}]},"55":{"loc":{"start":{"line":275,"column":4},"end":{"line":280,"column":5}},"type":"if","locations":[{"start":{"line":275,"column":4},"end":{"line":280,"column":5}},{"start":{},"end":{}}]},"56":{"loc":{"start":{"line":285,"column":4},"end":{"line":288,"column":5}},"type":"if","locations":[{"start":{"line":285,"column":4},"end":{"line":288,"column":5}},{"start":{},"end":{}}]},"57":{"loc":{"start":{"line":294,"column":6},"end":{"line":298,"column":7}},"type":"if","locations":[{"start":{"line":294,"column":6},"end":{"line":298,"column":7}},{"start":{"line":296,"column":13},"end":{"line":298,"column":7}}]},"58":{"loc":{"start":{"line":305,"column":50},"end":{"line":305,"column":89}},"type":"binary-expr","locations":[{"start":{"line":305,"column":50},"end":{"line":305,"column":63}},{"start":{"line":305,"column":67},"end":{"line":305,"column":89}}]},"59":{"loc":{"start":{"line":315,"column":4},"end":{"line":318,"column":5}},"type":"if","locations":[{"start":{"line":315,"column":4},"end":{"line":318,"column":5}},{"start":{},"end":{}}]},"60":{"loc":{"start":{"line":322,"column":4},"end":{"line":325,"column":5}},"type":"if","locations":[{"start":{"line":322,"column":4},"end":{"line":325,"column":5}},{"start":{},"end":{}}]}},"s":{"0":10,"1":10,"2":10,"3":10,"4":10,"5":10,"6":10,"7":10,"8":10,"9":10,"10":10,"11":10,"12":4,"13":10,"14":1,"15":10,"16":2,"17":10,"18":1,"19":1,"20":1,"21":1,"22":1,"23":1,"24":1,"25":1,"26":1,"27":1,"28":0,"29":0,"30":1,"31":1,"32":1,"33":1,"34":1,"35":1,"36":1,"37":1,"38":1,"39":0,"40":0,"41":0,"42":0,"43":0,"44":0,"45":0,"46":0,"47":1,"48":1,"49":1,"50":1,"51":1,"52":1,"53":0,"54":0,"55":0,"56":0,"57":0,"58":0,"59":0,"60":0,"61":0,"62":0,"63":0,"64":0,"65":0,"66":0,"67":0,"68":0,"69":0,"70":0,"71":0,"72":0,"73":0,"74":0,"75":0,"76":0,"77":0,"78":0,"79":0,"80":0,"81":0,"82":0,"83":0,"84":0,"85":0,"86":0,"87":0,"88":0,"89":0,"90":0,"91":0,"92":0,"93":1,"94":1,"95":0,"96":0,"97":1,"98":0,"99":1,"100":0,"101":0,"102":0,"103":0,"104":10,"105":2,"106":2,"107":2,"108":1,"109":1,"110":1,"111":1,"112":1,"113":1,"114":1,"115":1,"116":1,"117":1,"118":0,"119":10,"120":2,"121":2,"122":2,"123":2,"124":1,"125":1,"126":1,"127":1,"128":0,"129":0,"130":1,"131":0,"132":0,"133":1,"134":0,"135":0,"136":1,"137":0,"138":0,"139":1,"140":1,"141":0,"142":0,"143":0,"144":0,"145":1,"146":1,"147":1,"148":0,"149":0,"150":1,"151":1,"152":1,"153":1,"154":0,"155":1,"156":1,"157":0,"158":10,"159":2,"160":2,"161":2,"162":2,"163":1,"164":1,"165":1,"166":1,"167":1,"168":1,"169":0,"170":0,"171":0,"172":10,"173":0,"174":0,"175":0,"176":0,"177":0,"178":10,"179":1,"180":1,"181":1,"182":1,"183":0,"184":0,"185":10},"f":{"0":4,"1":1,"2":2,"3":1,"4":0,"5":2,"6":2,"7":2,"8":0,"9":1},"b":{"0":[4,0],"1":[1,0],"2":[1,0,0],"3":[1,1,1],"4":[0,1],"5":[1,1,0],"6":[1,0,0],"7":[0,0],"8":[0,0],"9":[1,1,1],"10":[2,2],"11":[0,1],"12":[0,0],"13":[0,0],"14":[0,0],"15":[0,0],"16":[1,1],"17":[1,0],"18":[1,0],"19":[1,1],"20":[0,0],"21":[0,0],"22":[0,0],"23":[0,0],"24":[0,0],"25":[0,0],"26":[0,0],"27":[0,0],"28":[0,0],"29":[0,0],"30":[0,0],"31":[0,0],"32":[0,0],"33":[0,0],"34":[0,0],"35":[0,0],"36":[0,0],"37":[0,1],"38":[0,1],"39":[0,0],"40":[0,0],"41":[0,0],"42":[0,0],"43":[0,0],"44":[1,1],"45":[2,2],"46":[1,1],"47":[0,0],"48":[2,0],"49":[1,1],"50":[2,2,2],"51":[0,1],"52":[0,1],"53":[0,1],"54":[0,1],"55":[0,1],"56":[0,1],"57":[1,0],"58":[0,0],"59":[1,1],"60":[1,0]}}
,"D:\\New folder (3)\\Chatbull\\backend\\src\\routes\\legal.ts": {"path":"D:\\New folder (3)\\Chatbull\\backend\\src\\routes\\legal.ts","statementMap":{"0":{"start":{"line":1,"column":0},"end":{"line":1,"column":52}},"1":{"start":{"line":2,"column":0},"end":{"line":2,"column":34}},"2":{"start":{"line":3,"column":0},"end":{"line":3,"column":40}},"3":{"start":{"line":4,"column":0},"end":{"line":4,"column":54}},"4":{"start":{"line":5,"column":0},"end":{"line":5,"column":82}},"5":{"start":{"line":6,"column":0},"end":{"line":6,"column":57}},"6":{"start":{"line":8,"column":15},"end":{"line":8,"column":23}},"7":{"start":{"line":14,"column":0},"end":{"line":71,"column":3}},"8":{"start":{"line":15,"column":2},"end":{"line":70,"column":5}},"9":{"start":{"line":78,"column":0},"end":{"line":119,"column":3}},"10":{"start":{"line":79,"column":2},"end":{"line":118,"column":3}},"11":{"start":{"line":80,"column":26},"end":{"line":80,"column":76}},"12":{"start":{"line":81,"column":24},"end":{"line":81,"column":40}},"13":{"start":{"line":84,"column":17},"end":{"line":84,"column":52}},"14":{"start":{"line":85,"column":4},"end":{"line":88,"column":5}},"15":{"start":{"line":86,"column":6},"end":{"line":86,"column":56}},"16":{"start":{"line":87,"column":6},"end":{"line":87,"column":13}},"17":{"start":{"line":91,"column":4},"end":{"line":91,"column":26}},"18":{"start":{"line":92,"column":4},"end":{"line":92,"column":32}},"19":{"start":{"line":93,"column":4},"end":{"line":93,"column":22}},"20":{"start":{"line":96,"column":4},"end":{"line":98,"column":7}},"21":{"start":{"line":101,"column":4},"end":{"line":106,"column":7}},"22":{"start":{"line":109,"column":4},"end":{"line":109,"column":42}},"23":{"start":{"line":111,"column":4},"end":{"line":114,"column":7}},"24":{"start":{"line":116,"column":4},"end":{"line":116,"column":50}},"25":{"start":{"line":117,"column":4},"end":{"line":117,"column":64}},"26":{"start":{"line":125,"column":0},"end":{"line":164,"column":2}},"27":{"start":{"line":131,"column":4},"end":{"line":162,"column":5}},"28":{"start":{"line":132,"column":28},"end":{"line":132,"column":78}},"29":{"start":{"line":133,"column":26},"end":{"line":133,"column":42}},"30":{"start":{"line":134,"column":53},"end":{"line":134,"column":61}},"31":{"start":{"line":136,"column":19},"end":{"line":136,"column":54}},"32":{"start":{"line":137,"column":6},"end":{"line":140,"column":7}},"33":{"start":{"line":138,"column":8},"end":{"line":138,"column":58}},"34":{"start":{"line":139,"column":8},"end":{"line":139,"column":15}},"35":{"start":{"line":143,"column":6},"end":{"line":143,"column":54}},"36":{"start":{"line":143,"column":23},"end":{"line":143,"column":54}},"37":{"start":{"line":144,"column":6},"end":{"line":144,"column":45}},"38":{"start":{"line":144,"column":20},"end":{"line":144,"column":45}},"39":{"start":{"line":145,"column":6},"end":{"line":145,"column":54}},"40":{"start":{"line":145,"column":23},"end":{"line":145,"column":54}},"41":{"start":{"line":147,"column":6},"end":{"line":147,"column":24}},"42":{"start":{"line":149,"column":6},"end":{"line":158,"column":9}},"43":{"start":{"line":160,"column":6},"end":{"line":160,"column":52}},"44":{"start":{"line":161,"column":6},"end":{"line":161,"column":66}},"45":{"start":{"line":166,"column":0},"end":{"line":166,"column":22}}},"fnMap":{"0":{"name":"(anonymous_1)","decl":{"start":{"line":14,"column":23},"end":{"line":14,"column":24}},"loc":{"start":{"line":14,"column":55},"end":{"line":71,"column":1}}},"1":{"name":"(anonymous_2)","decl":{"start":{"line":78,"column":42},"end":{"line":78,"column":47}},"loc":{"start":{"line":78,"column":80},"end":{"line":119,"column":1}}},"2":{"name":"(anonymous_3)","decl":{"start":{"line":130,"column":2},"end":{"line":130,"column":7}},"loc":{"start":{"line":130,"column":40},"end":{"line":163,"column":3}}}},"branchMap":{"0":{"loc":{"start":{"line":85,"column":4},"end":{"line":88,"column":5}},"type":"if","locations":[{"start":{"line":85,"column":4},"end":{"line":88,"column":5}},{"start":{},"end":{}}]},"1":{"loc":{"start":{"line":137,"column":6},"end":{"line":140,"column":7}},"type":"if","locations":[{"start":{"line":137,"column":6},"end":{"line":140,"column":7}},{"start":{},"end":{}}]},"2":{"loc":{"start":{"line":143,"column":6},"end":{"line":143,"column":54}},"type":"if","locations":[{"start":{"line":143,"column":6},"end":{"line":143,"column":54}},{"start":{},"end":{}}]},"3":{"loc":{"start":{"line":144,"column":6},"end":{"line":144,"column":45}},"type":"if","locations":[{"start":{"line":144,"column":6},"end":{"line":144,"column":45}},{"start":{},"end":{}}]},"4":{"loc":{"start":{"line":145,"column":6},"end":{"line":145,"column":54}},"type":"if","locations":[{"start":{"line":145,"column":6},"end":{"line":145,"column":54}},{"start":{},"end":{}}]}},"s":{"0":10,"1":10,"2":10,"3":10,"4":10,"5":10,"6":10,"7":10,"8":1,"9":10,"10":0,"11":0,"12":0,"13":0,"14":0,"15":0,"16":0,"17":0,"18":0,"19":0,"20":0,"21":0,"22":0,"23":0,"24":0,"25":0,"26":10,"27":0,"28":0,"29":0,"30":0,"31":0,"32":0,"33":0,"34":0,"35":0,"36":0,"37":0,"38":0,"39":0,"40":0,"41":0,"42":0,"43":0,"44":0,"45":10},"f":{"0":1,"1":0,"2":0},"b":{"0":[0,0],"1":[0,0],"2":[0,0],"3":[0,0],"4":[0,0]}}
,"D:\\New folder (3)\\Chatbull\\backend\\src\\routes\\media.ts": {"path":"D:\\New folder (3)\\Chatbull\\backend\\src\\routes\\media.ts","statementMap":{"0":{"start":{"line":1,"column":0},"end":{"line":1,"column":52}},"1":{"start":{"line":2,"column":0},"end":{"line":2,"column":28}},"2":{"start":{"line":3,"column":0},"end":{"line":3,"column":24}},"3":{"start":{"line":4,"column":0},"end":{"line":4,"column":84}},"4":{"start":{"line":5,"column":0},"end":{"line":5,"column":20}},"5":{"start":{"line":6,"column":0},"end":{"line":6,"column":57}},"6":{"start":{"line":8,"column":15},"end":{"line":8,"column":23}},"7":{"start":{"line":10,"column":0},"end":{"line":12,"column":1}},"8":{"start":{"line":11,"column":2},"end":{"line":11,"column":47}},"9":{"start":{"line":15,"column":16},"end":{"line":25,"column":2}},"10":{"start":{"line":18,"column":4},"end":{"line":18,"column":25}},"11":{"start":{"line":22,"column":25},"end":{"line":22,"column":75}},"12":{"start":{"line":23,"column":4},"end":{"line":23,"column":84}},"13":{"start":{"line":27,"column":15},"end":{"line":44,"column":2}},"14":{"start":{"line":34,"column":4},"end":{"line":42,"column":5}},"15":{"start":{"line":39,"column":6},"end":{"line":39,"column":21}},"16":{"start":{"line":41,"column":6},"end":{"line":41,"column":96}},"17":{"start":{"line":52,"column":0},"end":{"line":107,"column":3}},"18":{"start":{"line":53,"column":2},"end":{"line":106,"column":3}},"19":{"start":{"line":55,"column":4},"end":{"line":61,"column":5}},"20":{"start":{"line":56,"column":6},"end":{"line":59,"column":9}},"21":{"start":{"line":60,"column":6},"end":{"line":60,"column":13}},"22":{"start":{"line":64,"column":4},"end":{"line":70,"column":5}},"23":{"start":{"line":65,"column":6},"end":{"line":68,"column":9}},"24":{"start":{"line":69,"column":6},"end":{"line":69,"column":13}},"25":{"start":{"line":73,"column":19},"end":{"line":76,"column":6}},"26":{"start":{"line":79,"column":4},"end":{"line":79,"column":44}},"27":{"start":{"line":81,"column":4},"end":{"line":93,"column":7}},"28":{"start":{"line":95,"column":4},"end":{"line":95,"column":48}},"29":{"start":{"line":98,"column":4},"end":{"line":100,"column":5}},"30":{"start":{"line":99,"column":6},"end":{"line":99,"column":69}},"31":{"start":{"line":99,"column":58},"end":{"line":99,"column":67}},"32":{"start":{"line":102,"column":4},"end":{"line":105,"column":7}},"33":{"start":{"line":114,"column":0},"end":{"line":177,"column":3}},"34":{"start":{"line":115,"column":2},"end":{"line":176,"column":3}},"35":{"start":{"line":117,"column":4},"end":{"line":123,"column":5}},"36":{"start":{"line":118,"column":6},"end":{"line":121,"column":9}},"37":{"start":{"line":122,"column":6},"end":{"line":122,"column":13}},"38":{"start":{"line":126,"column":4},"end":{"line":132,"column":5}},"39":{"start":{"line":127,"column":6},"end":{"line":130,"column":9}},"40":{"start":{"line":131,"column":6},"end":{"line":131,"column":13}},"41":{"start":{"line":134,"column":18},"end":{"line":134,"column":52}},"42":{"start":{"line":137,"column":27},"end":{"line":141,"column":null}},"43":{"start":{"line":138,"column":6},"end":{"line":141,"column":8}},"44":{"start":{"line":144,"column":20},"end":{"line":144,"column":53}},"45":{"start":{"line":147,"column":4},"end":{"line":147,"column":97}},"46":{"start":{"line":147,"column":42},"end":{"line":147,"column":94}},"47":{"start":{"line":147,"column":84},"end":{"line":147,"column":93}},"48":{"start":{"line":149,"column":17},"end":{"line":155,"column":7}},"49":{"start":{"line":149,"column":40},"end":{"line":155,"column":6}},"50":{"start":{"line":157,"column":4},"end":{"line":161,"column":7}},"51":{"start":{"line":163,"column":4},"end":{"line":163,"column":57}},"52":{"start":{"line":166,"column":4},"end":{"line":170,"column":5}},"53":{"start":{"line":167,"column":6},"end":{"line":169,"column":8}},"54":{"start":{"line":168,"column":59},"end":{"line":168,"column":111}},"55":{"start":{"line":168,"column":101},"end":{"line":168,"column":110}},"56":{"start":{"line":172,"column":4},"end":{"line":175,"column":7}},"57":{"start":{"line":183,"column":0},"end":{"line":192,"column":3}},"58":{"start":{"line":184,"column":21},"end":{"line":184,"column":45}},"59":{"start":{"line":185,"column":2},"end":{"line":191,"column":5}},"60":{"start":{"line":194,"column":0},"end":{"line":194,"column":22}}},"fnMap":{"0":{"name":"(anonymous_1)","decl":{"start":{"line":16,"column":15},"end":{"line":16,"column":16}},"loc":{"start":{"line":16,"column":33},"end":{"line":19,"column":3}}},"1":{"name":"(anonymous_2)","decl":{"start":{"line":20,"column":12},"end":{"line":20,"column":13}},"loc":{"start":{"line":20,"column":30},"end":{"line":24,"column":3}}},"2":{"name":"(anonymous_3)","decl":{"start":{"line":32,"column":14},"end":{"line":32,"column":15}},"loc":{"start":{"line":32,"column":32},"end":{"line":43,"column":3}}},"3":{"name":"(anonymous_4)","decl":{"start":{"line":52,"column":67},"end":{"line":52,"column":72}},"loc":{"start":{"line":52,"column":105},"end":{"line":107,"column":1}}},"4":{"name":"(anonymous_5)","decl":{"start":{"line":99,"column":52},"end":{"line":99,"column":55}},"loc":{"start":{"line":99,"column":58},"end":{"line":99,"column":67}}},"5":{"name":"(anonymous_6)","decl":{"start":{"line":114,"column":80},"end":{"line":114,"column":85}},"loc":{"start":{"line":114,"column":118},"end":{"line":177,"column":1}}},"6":{"name":"(anonymous_7)","decl":{"start":{"line":137,"column":37},"end":{"line":137,"column":41}},"loc":{"start":{"line":138,"column":6},"end":{"line":141,"column":8}}},"7":{"name":"(anonymous_8)","decl":{"start":{"line":147,"column":32},"end":{"line":147,"column":33}},"loc":{"start":{"line":147,"column":42},"end":{"line":147,"column":94}}},"8":{"name":"(anonymous_9)","decl":{"start":{"line":147,"column":78},"end":{"line":147,"column":81}},"loc":{"start":{"line":147,"column":84},"end":{"line":147,"column":93}}},"9":{"name":"(anonymous_10)","decl":{"start":{"line":149,"column":29},"end":{"line":149,"column":35}},"loc":{"start":{"line":149,"column":40},"end":{"line":155,"column":6}}},"10":{"name":"(anonymous_11)","decl":{"start":{"line":168,"column":49},"end":{"line":168,"column":50}},"loc":{"start":{"line":168,"column":59},"end":{"line":168,"column":111}}},"11":{"name":"(anonymous_12)","decl":{"start":{"line":168,"column":95},"end":{"line":168,"column":98}},"loc":{"start":{"line":168,"column":101},"end":{"line":168,"column":110}}},"12":{"name":"(anonymous_13)","decl":{"start":{"line":183,"column":22},"end":{"line":183,"column":23}},"loc":{"start":{"line":183,"column":54},"end":{"line":192,"column":1}}}},"branchMap":{"0":{"loc":{"start":{"line":10,"column":0},"end":{"line":12,"column":1}},"type":"if","locations":[{"start":{"line":10,"column":0},"end":{"line":12,"column":1}},{"start":{},"end":{}}]},"1":{"loc":{"start":{"line":34,"column":4},"end":{"line":42,"column":5}},"type":"if","locations":[{"start":{"line":34,"column":4},"end":{"line":42,"column":5}},{"start":{"line":40,"column":11},"end":{"line":42,"column":5}}]},"2":{"loc":{"start":{"line":34,"column":8},"end":{"line":38,"column":38}},"type":"binary-expr","locations":[{"start":{"line":34,"column":8},"end":{"line":34,"column":42}},{"start":{"line":35,"column":8},"end":{"line":35,"column":42}},{"start":{"line":36,"column":8},"end":{"line":36,"column":43}},{"start":{"line":37,"column":8},"end":{"line":37,"column":42}},{"start":{"line":38,"column":8},"end":{"line":38,"column":38}}]},"3":{"loc":{"start":{"line":55,"column":4},"end":{"line":61,"column":5}},"type":"if","locations":[{"start":{"line":55,"column":4},"end":{"line":61,"column":5}},{"start":{},"end":{}}]},"4":{"loc":{"start":{"line":64,"column":4},"end":{"line":70,"column":5}},"type":"if","locations":[{"start":{"line":64,"column":4},"end":{"line":70,"column":5}},{"start":{},"end":{}}]},"5":{"loc":{"start":{"line":98,"column":4},"end":{"line":100,"column":5}},"type":"if","locations":[{"start":{"line":98,"column":4},"end":{"line":100,"column":5}},{"start":{},"end":{}}]},"6":{"loc":{"start":{"line":104,"column":13},"end":{"line":104,"column":67}},"type":"binary-expr","locations":[{"start":{"line":104,"column":13},"end":{"line":104,"column":26}},{"start":{"line":104,"column":30},"end":{"line":104,"column":67}}]},"7":{"loc":{"start":{"line":117,"column":4},"end":{"line":123,"column":5}},"type":"if","locations":[{"start":{"line":117,"column":4},"end":{"line":123,"column":5}},{"start":{},"end":{}}]},"8":{"loc":{"start":{"line":126,"column":4},"end":{"line":132,"column":5}},"type":"if","locations":[{"start":{"line":126,"column":4},"end":{"line":132,"column":5}},{"start":{},"end":{}}]},"9":{"loc":{"start":{"line":126,"column":8},"end":{"line":126,"column":71}},"type":"binary-expr","locations":[{"start":{"line":126,"column":8},"end":{"line":126,"column":18}},{"start":{"line":126,"column":23},"end":{"line":126,"column":71}}]},"10":{"loc":{"start":{"line":166,"column":4},"end":{"line":170,"column":5}},"type":"if","locations":[{"start":{"line":166,"column":4},"end":{"line":170,"column":5}},{"start":{},"end":{}}]},"11":{"loc":{"start":{"line":174,"column":13},"end":{"line":174,"column":68}},"type":"binary-expr","locations":[{"start":{"line":174,"column":13},"end":{"line":174,"column":26}},{"start":{"line":174,"column":30},"end":{"line":174,"column":68}}]},"12":{"loc":{"start":{"line":187,"column":14},"end":{"line":187,"column":58}},"type":"cond-expr","locations":[{"start":{"line":187,"column":27},"end":{"line":187,"column":39}},{"start":{"line":187,"column":42},"end":{"line":187,"column":58}}]},"13":{"loc":{"start":{"line":188,"column":13},"end":{"line":190,"column":113}},"type":"cond-expr","locations":[{"start":{"line":189,"column":8},"end":{"line":189,"column":61}},{"start":{"line":190,"column":8},"end":{"line":190,"column":113}}]}},"s":{"0":10,"1":10,"2":10,"3":10,"4":10,"5":10,"6":10,"7":10,"8":0,"9":10,"10":1,"11":1,"12":1,"13":10,"14":1,"15":1,"16":0,"17":10,"18":2,"19":2,"20":0,"21":0,"22":2,"23":1,"24":1,"25":1,"26":1,"27":1,"28":0,"29":0,"30":0,"31":0,"32":0,"33":10,"34":0,"35":0,"36":0,"37":0,"38":0,"39":0,"40":0,"41":0,"42":0,"43":0,"44":0,"45":0,"46":0,"47":0,"48":0,"49":0,"50":0,"51":0,"52":0,"53":0,"54":0,"55":0,"56":0,"57":10,"58":1,"59":1,"60":10},"f":{"0":1,"1":1,"2":1,"3":2,"4":0,"5":0,"6":0,"7":0,"8":0,"9":0,"10":0,"11":0,"12":1},"b":{"0":[0,10],"1":[1,0],"2":[1,1,1,1,1],"3":[0,2],"4":[1,1],"5":[0,0],"6":[0,0],"7":[0,0],"8":[0,0],"9":[0,0],"10":[0,0],"11":[0,0],"12":[0,1],"13":[0,1]}}
,"D:\\New folder (3)\\Chatbull\\backend\\src\\routes\\post.ts": {"path":"D:\\New folder (3)\\Chatbull\\backend\\src\\routes\\post.ts","statementMap":{"0":{"start":{"line":1,"column":0},"end":{"line":1,"column":52}},"1":{"start":{"line":2,"column":0},"end":{"line":2,"column":41}},"2":{"start":{"line":3,"column":0},"end":{"line":3,"column":34}},"3":{"start":{"line":4,"column":0},"end":{"line":4,"column":34}},"4":{"start":{"line":5,"column":0},"end":{"line":5,"column":57}},"5":{"start":{"line":6,"column":0},"end":{"line":6,"column":52}},"6":{"start":{"line":8,"column":15},"end":{"line":8,"column":23}},"7":{"start":{"line":10,"column":28},"end":{"line":39,"column":2}},"8":{"start":{"line":26,"column":23},"end":{"line":26,"column":37}},"9":{"start":{"line":27,"column":20},"end":{"line":27,"column":89}},"10":{"start":{"line":28,"column":21},"end":{"line":28,"column":92}},"11":{"start":{"line":29,"column":22},"end":{"line":29,"column":95}},"12":{"start":{"line":31,"column":4},"end":{"line":33,"column":5}},"13":{"start":{"line":32,"column":6},"end":{"line":32,"column":64}},"14":{"start":{"line":34,"column":4},"end":{"line":36,"column":5}},"15":{"start":{"line":35,"column":6},"end":{"line":35,"column":74}},"16":{"start":{"line":37,"column":4},"end":{"line":37,"column":16}},"17":{"start":{"line":46,"column":0},"end":{"line":80,"column":2}},"18":{"start":{"line":52,"column":4},"end":{"line":78,"column":5}},"19":{"start":{"line":53,"column":28},"end":{"line":53,"column":78}},"20":{"start":{"line":54,"column":47},"end":{"line":54,"column":55}},"21":{"start":{"line":56,"column":19},"end":{"line":56,"column":72}},"22":{"start":{"line":57,"column":6},"end":{"line":60,"column":7}},"23":{"start":{"line":58,"column":8},"end":{"line":58,"column":74}},"24":{"start":{"line":59,"column":8},"end":{"line":59,"column":15}},"25":{"start":{"line":62,"column":19},"end":{"line":67,"column":8}},"26":{"start":{"line":69,"column":6},"end":{"line":69,"column":60}},"27":{"start":{"line":71,"column":6},"end":{"line":74,"column":9}},"28":{"start":{"line":76,"column":6},"end":{"line":76,"column":49}},"29":{"start":{"line":77,"column":6},"end":{"line":77,"column":79}},"30":{"start":{"line":87,"column":0},"end":{"line":129,"column":3}},"31":{"start":{"line":88,"column":2},"end":{"line":128,"column":3}},"32":{"start":{"line":89,"column":26},"end":{"line":89,"column":76}},"33":{"start":{"line":90,"column":17},"end":{"line":90,"column":70}},"34":{"start":{"line":91,"column":4},"end":{"line":94,"column":5}},"35":{"start":{"line":92,"column":6},"end":{"line":92,"column":72}},"36":{"start":{"line":93,"column":6},"end":{"line":93,"column":13}},"37":{"start":{"line":96,"column":17},"end":{"line":96,"column":77}},"38":{"start":{"line":97,"column":18},"end":{"line":
[...]
,"D:\\New folder (3)\\Chatbull\\backend\\src\\services\\mailer.ts": {"path":"D:\\New folder (3)\\Chatbull\\backend\\src\\services\\mailer.ts","statementMap":{"0":{"start":{"line":1,"column":0},"end":{"line":1,"column":36}},"1":{"start":{"line":3,"column":34},"end":{"line":5,"column":1}},"2":{"start":{"line":4,"column":2},"end":{"line":4,"column":110}},"3":{"start":{"line":3,"column":13},"end":{"line":3,"column":34}},"4":{"start":{"line":7,"column":28},"end":{"line":34,"column":1}},"5":{"start":{"line":8,"column":2},"end":{"line":10,"column":3}},"6":{"start":{"line":9,"column":4},"end":{"line":9,"column":52}},"7":{"start":{"line":12,"column":15},"end":{"line":12,"column":46}},"8":{"start":{"line":13,"column":15},"end":{"line":13,"column":44}},"9":{"start":{"line":14,"column":15},"end":{"line":14,"column":46}},"10":{"start":{"line":15,"column":15},"end":{"line":15,"column":46}},"11":{"start":{"line":16,"column":15},"end":{"line":16,"column":44}},"12":{"start":{"line":18,"column":22},"end":{"line":23,"column":4}},"13":{"start":{"line":25,"column":18},"end":{"line":25,"column":52}},"14":{"start":{"line":26,"column":21},"end":{"line":26,"column":70}},"15":{"start":{"line":28,"column":2},"end":{"line":33,"column":5}},"16":{"start":{"line":7,"column":13},"end":{"line":7,"column":28}}},"fnMap":{"0":{"name":"(anonymous_1)","decl":{"start":{"line":3,"column":34},"end":{"line":3,"column":46}},"loc":{"start":{"line":3,"column":48},"end":{"line":5,"column":1}}},"1":{"name":"(anonymous_2)","decl":{"start":{"line":7,"column":28},"end":{"line":7,"column":33}},"loc":{"start":{"line":7,"column":82},"end":{"line":34,"column":1}}}},"branchMap":{"0":{"loc":{"start":{"line":4,"column":12},"end":{"line":4,"column":108}},"type":"binary-expr","locations":[{"start":{"line":4,"column":12},"end":{"line":4,"column":33}},{"start":{"line":4,"column":37},"end":{"line":4,"column":58}},{"start":{"line":4,"column":62},"end":{"line":4,"column":83}},{"start":{"line":4,"column":87},"end":{"line":4,"column":108}}]},"1":{"loc":{"start":{"line":8,"column":2},"end":{"line":10,"column":3}},"type":"if","locations":[{"start":{"line":8,"column":2},"end":{"line":10,"column":3}},{"start":{},"end":{}}]},"2":{"loc":{"start":{"line":16,"column":15},"end":{"line":16,"column":44}},"type":"binary-expr","locations":[{"start":{"line":16,"column":15},"end":{"line":16,"column":36}},{"start":{"line":16,"column":40},"end":{"line":16,"column":44}}]},"3":{"loc":{"start":{"line":25,"column":18},"end":{"line":25,"column":52}},"type":"binary-expr","locations":[{"start":{"line":25,"column":18},"end":{"line":25,"column":38}},{"start":{"line":25,"column":42},"end":{"line":25,"column":52}}]},"4":{"loc":{"start":{"line":26,"column":28},"end":{"line":26,"column":69}},"type":"binary-expr","locations":[{"start":{"line":26,"column":28},"end":{"line":26,"column":61}},{"start":{"line":26,"column":65},"end":{"line":26,"column":69}}]}},"s":{"0":9,"1":9,"2":0,"3":9,"4":9,"5":0,"6":0,"7":0,"8":0,"9":0,"10":0,"11":0,"12":0,"13":0,"14":0,"15":0,"16":9},"f":{"0":0,"1":0},"b":{"0":[0,0,0,0],"1":[0,0],"2":[0,0],"3":[0,0],"4":[0,0]}}
,"D:\\New folder (3)\\Chatbull\\backend\\src\\services\\notifications.ts": {"path":"D:\\New folder (3)\\Chatbull\\backend\\src\\services\\notifications.ts","statementMap":{"0":{"start":{"line":1,"column":0},"end":{"line":1,"column":35}},"1":{"start":{"line":8,"column":26},"end":{"line":8,"column":31}},"2":{"start":{"line":15,"column":39},"end":{"line":49,"column":1}},"3":{"start":{"line":16,"column":2},"end":{"line":18,"column":3}},"4":{"start":{"line":17,"column":4},"end":{"line":17,"column":16}},"5":{"start":{"line":20,"column":29},"end":{"line":20,"column":70}},"6":{"start":{"line":22,"column":2},"end":{"line":48,"column":3}},"7":{"start":{"line":23,"column":4},"end":{"line":30,"column":5}},"8":{"start":{"line":24,"column":6},"end":{"line":28,"column":7}},"9":{"start":{"line":25,"column":8},"end":{"line":27,"column":10}},"10":{"start":{"line":29,"column":6},"end":{"line":29,"column":19}},"11":{"start":{"line":32,"column":27},"end":{"line":32,"column":57}},"12":{"start":{"line":34,"column":4},"end":{"line":36,"column":7}},"13":{"start":{"line":38,"column":4},"end":{"line":38,"column":31}},"14":{"start":{"line":39,"column":4},"end":{"line":41,"column":5}},"15":{"start":{"line":40,"column":6},"end":{"line":40,"column":67}},"16":{"start":{"line":42,"column":4},"end":{"line":42,"column":16}},"17":{"start":{"line":44,"column":4},"end":{"line":46,"column":5}},"18":{"start":{"line":45,"column":6},"end":{"line":45,"column":69}},"19":{"start":{"line":47,"column":4},"end":{"line":47,"column":17}},"20":{"start":{"line":15,"column":13},"end":{"line":15,"column":39}},"21":{"start":{"line":54,"column":36},"end":{"line":100,"column":1}},"22":{"start":{"line":60,"column":2},"end":{"line":62,"column":3}},"23":{"start":{"line":61,"column":4},"end":{"line":61,"column":71}},"24":{"start":{"line":64,"column":2},"end":{"line":99,"column":3}},"25":{"start":{"line":65,"column":45},"end":{"line":87,"column":6}},"26":{"start":{"line":89,"column":21},"end":{"line":89,"column":58}},"27":{"start":{"line":90,"column":4},"end":{"line":92,"column":5}},"28":{"start":{"line":91,"column":6},"end":{"line":91,"column":59}},"29":{"start":{"line":93,"column":4},"end":{"line":93,"column":50}},"30":{"start":{"line":95,"column":4},"end":{"line":97,"column":5}},"31":{"start":{"line":96,"column":6},"end":{"line":96,"column":58}},"32":{"start":{"line":98,"column":4},"end":{"line":98,"column":71}},"33":{"start":{"line":54,"column":13},"end":{"line":54,"column":36}},"34":{"start":{"line":105,"column":46},"end":{"line":143,"column":1}},"35":{"start":{"line":111,"column":2},"end":{"line":113,"column":3}},"36":{"start":{"line":112,"column":4},"end":{"line":112,"column":66}},"37":{"start":{"line":115,"column":2},"end":{"line":117,"column":3}},"38":{"start":{"line":116,"column":4},"end":{"line":116,"column":48}},"39":{"start":{"line":119,"column":2},"end":{"line":142,"column":3}},"40":{"start":{"line":120,"column":54},"end":{"line":127,"column":6}},"41":{"start":{"line":129,"column":21},"end":{"line":129,"column":74}},"42":{"start":{"line":130,"column":4},"end":{"line":132,"column":5}},"43":{"start":{"line":131,"column":6},"end":{"line":131,"column":105}},"44":{"start":{"line":133,"column":4},"end":{"line":136,"column":6}},"45":{"start":{"line":138,"column":4},"end":{"line":140,"column":5}},"46":{"start":{"line":139,"column":6},"end":{"line":139,"column":63}},"47":{"start":{"line":141,"column":4},"end":{"line":141,"column":66}},"48":{"start":{"line":105,"column":13},"end":{"line":105,"column":46}},"49":{"start":{"line":148,"column":36},"end":{"line":150,"column":1}},"50":{"start":{"line":149,"column":2},"end":{"line":149,"column":29}},"51":{"start":{"line":148,"column":13},"end":{"line":148,"column":36}}},"fnMap":{"0":{"name":"(anonymous_1)","decl":{"start":{"line":15,"column":39},"end":{"line":15,"column":51}},"loc":{"start":{"line":15,"column":53},"end":{"line":49,"column":1}}},"1":{"name":"(anonymous_2)","decl":{"start":{"line":54,"column":36},"end":{"line":54,"column":41}},"loc":{"start":{"line":59,"column":71},"end":{"line":100,"column":1}}},"2":{"name":"(anonymous_3)","decl":{"start":{"line":105,"column":46},"end":{"line":105,"column":51}},"loc":{"start":{"line":110,"column":61},"end":{"line":143,"column":1}}},"3":{"name":"(anonymous_4)","decl":{"start":{"line":148,"column":36},"end":{"line":148,"column":48}},"loc":{"start":{"line":148,"column":50},"end":{"line":150,"column":1}}}},"branchMap":{"0":{"loc":{"start":{"line":16,"column":2},"end":{"line":18,"column":3}},"type":"if","locations":[{"start":{"line":16,"column":2},"end":{"line":18,"column":3}},{"start":{},"end":{}}]},"1":{"loc":{"start":{"line":23,"column":4},"end":{"line":30,"column":5}},"type":"if","locations":[{"start":{"line":23,"column":4},"end":{"line":30,"column":5}},{"start":{},"end":{}}]},"2":{"loc":{"start":{"line":24,"column":6},"end":{"line":28,"column":7}},"type":"if","locations":[{"start":{"line":24,"column":6},"end":{"line":28,"column":7}},{"start":{},"end":{}}]},"3":{"loc":{"start":{"line":39,"column":4},"end":{"line":41,"column":5}},"type":"if","locations":[{"start":{"line":39,"column":4},"end":{"line":41,"column":5}},{"start":{},"end":{}}]},"4":{"loc":{"start":{"line":44,"column":4},"end":{"line":46,"column":5}},"type":"if","locations":[{"start":{"line":44,"column":4},"end":{"line":46,"column":5}},{"start":{},"end":{}}]},"5":{"loc":{"start":{"line":60,"column":2},"end":{"line":62,"column":3}},"type":"if","locations":[{"start":{"line":60,"column":2},"end":{"line":62,"column":3}},{"start":{},"end":{}}]},"6":{"loc":{"start":{"line":71,"column":12},"end":{"line":71,"column":22}},"type":"binary-expr","locations":[{"start":{"line":71,"column":12},"end":{"line":71,"column":16}},{"start":{"line":71,"column":20},"end":{"line":71,"column":22}}]},"7":{"loc":{"start":{"line":90,"column":4},"end":{"line":92,"column":5}},"type":"if","locations":[{"start":{"line":90,"column":4},"end":{"line":92,"column":5}},{"start":{},"end":{}}]},"8":{"loc":{"start":{"line":95,"column":4},"end":{"line":97,"column":5}},"type":"if","locations":[{"start":{"line":95,"column":4},"end":{"line":97,"column":5}},{"start":{},"end":{}}]},"9":{"loc":{"start":{"line":98,"column":36},"end":{"line":98,"column":68}},"type":"binary-expr","locations":[{"start":{"line":98,"column":36},"end":{"line":98,"column":49}},{"start":{"line":98,"column":53},"end":{"line":98,"column":68}}]},"10":{"loc":{"start":{"line":111,"column":2},"end":{"line":113,"column":3}},"type":"if","locations":[{"start":{"line":111,"column":2},"end":{"line":113,"column":3}},{"start":{},"end":{}}]},"11":{"loc":{"start":{"line":115,"column":2},"end":{"line":117,"column":3}},"type":"if","locations":[{"start":{"line":115,"column":2},"end":{"line":117,"column":3}},{"start":{},"end":{}}]},"12":{"loc":{"start":{"line":126,"column":12},"end":{"line":126,"column":22}},"type":"binary-expr","locations":[{"start":{"line":126,"column":12},"end":{"line":126,"column":16}},{"start":{"line":126,"column":20},"end":{"line":126,"column":22}}]},"13":{"loc":{"start":{"line":130,"column":4},"end":{"line":132,"column":5}},"type":"if","locations":[{"start":{"line":130,"column":4},"end":{"line":132,"column":5}},{"start":{},"end":{}}]},"14":{"loc":{"start":{"line":138,"column":4},"end":{"line":140,"column":5}},"type":"if","locations":[{"start":{"line":138,"column":4},"end":{"line":140,"column":5}},{"start":{},"end":{}}]}},"s":{"0":12,"1":12,"2":12,"3":2,"4":0,"5":2,"6":2,"7":2,"8":1,"9":0,"10":1,"11":1,"12":1,"13":1,"14":1,"15":0,"16":1,"17":0,"18":0,"19":0,"20":12,"21":12,"22":1,"23":1,"24":0,"25":0,"26":0,"27":0,"28":0,"29":0,"30":0,"31":0,"32":0,"33":12,"34":12,"35":0,"36":0,"37":0,"38":0,"39":0,"40":0,"41":0,"42":0,"43":0,"44":0,"45":0,"46":0,"47":0,"48":12,"49":12,"50":2,"51":12},"f":{"0":2,"1":1,"2":0,"3":2},"b":{"0":[0,2],"1":[1,1],"2":[0,1],"3":[0,1],"4":[0,0],"5":[1,0],"6":[0,0],"7":[0,0],"8":[0,0],"9":[0,0],"10":[0,0],"11":[0,0],"12":[0,0],"13":[0,0],"14":[0,0]}}
,"D:\\New folder (3)\\Chatbull\\backend\\src\\utils\\logger.ts": {"path":"D:\\New folder (3)\\Chatbull\\backend\\src\\utils\\logger.ts","statementMap":{"0":{"start":{"line":1,"column":0},"end":{"line":1,"column":20}},"1":{"start":{"line":2,"column":0},"end":{"line":2,"column":24}},"2":{"start":{"line":6,"column":16},"end":{"line":6,"column":50}},"3":{"start":{"line":7,"column":0},"end":{"line":9,"column":1}},"4":{"start":{"line":8,"column":2},"end":{"line":8,"column":45}},"5":{"start":{"line":11,"column":20},"end":{"line":11,"column":94}},"6":{"start":{"line":12,"column":18},"end":{"line":12,"column":108}},"7":{"start":{"line":18,"column":18},"end":{"line":27,"column":1}},"8":{"start":{"line":19,"column":20},"end":{"line":19,"column":44}},"9":{"start":{"line":20,"column":19},"end":{"line":20,"column":71}},"10":{"start":{"line":22,"column":2},"end":{"line":24,"column":3}},"11":{"start":{"line":23,"column":4},"end":{"line":23,"column":58}},"12":{"start":{"line":26,"column":2},"end":{"line":26,"column":18}},"13":{"start":{"line":29,"column":21},"end":{"line":41,"column":1}},"14":{"start":{"line":30,"column":2},"end":{"line":30,"column":53}},"15":{"start":{"line":30,"column":41},"end":{"line":30,"column":53}},"16":{"start":{"line":31,"column":20},"end":{"line":31,"column":65}},"17":{"start":{"line":32,"column":2},"end":{"line":32,"column":60}},"18":{"start":{"line":32,"column":26},"end":{"line":32,"column":60}},"19":{"start":{"line":33,"column":2},"end":{"line":33,"column":99}},"20":{"start":{"line":33,"column":35},"end":{"line":33,"column":99}},"21":{"start":{"line":34,"column":2},"end":{"line":39,"column":3}},"22":{"start":{"line":35,"column":4},"end":{"line":37,"column":5}},"23":{"start":{"line":36,"column":6},"end":{"line":36,"column":45}},"24":{"start":{"line":38,"column":4},"end":{"line":38,"column":21}},"25":{"start":{"line":40,"column":2},"end":{"line":40,"column":14}},"26":{"start":{"line":44,"column":17},"end":{"line":50,"column":1}},"27":{"start":{"line":45,"column":19},"end":{"line":45,"column":64}},"28":{"start":{"line":46,"column":2},"end":{"line":46,"column":36}},"29":{"start":{"line":47,"column":2},"end":{"line":49,"column":3}},"30":{"start":{"line":48,"column":4},"end":{"line":48,"column":26}},"31":{"start":{"line":53,"column":13},"end":{"line":58,"column":2}},"32":{"start":{"line":54,"column":41},"end":{"line":54,"column":72}},"33":{"start":{"line":55,"column":41},"end":{"line":55,"column":72}},"34":{"start":{"line":56,"column":42},"end":{"line":56,"column":74}},"35":{"start":{"line":57,"column":42},"end":{"line":57,"column":74}},"36":{"start":{"line":61,"column":29},"end":{"line":76,"column":1}},"37":{"start":{"line":62,"column":20},"end":{"line":62,"column":30}},"38":{"start":{"line":64,"column":2},"end":{"line":73,"column":5}},"39":{"start":{"line":65,"column":21},"end":{"line":65,"column":43}},"40":{"start":{"line":66,"column":4},"end":{"line":72,"column":7}},"41":{"start":{"line":75,"column":2},"end":{"line":75,"column":9}},"42":{"start":{"line":61,"column":13},"end":{"line":61,"column":29}},"43":{"start":{"line":79,"column":28},"end":{"line":92,"column":1}},"44":{"start":{"line":80,"column":2},"end":{"line":85,"column":5}},"45":{"start":{"line":88,"column":2},"end":{"line":91,"column":5}},"46":{"start":{"line":79,"column":13},"end":{"line":79,"column":28}}},"fnMap":{"0":{"name":"(anonymous_1)","decl":{"start":{"line":18,"column":18},"end":{"line":18,"column":19}},"loc":{"start":{"line":18,"column":75},"end":{"line":27,"column":1}}},"1":{"name":"(anonymous_2)","decl":{"start":{"line":29,"column":21},"end":{"line":29,"column":22}},"loc":{"start":{"line":29,"column":40},"end":{"line":41,"column":1}}},"2":{"name":"(anonymous_3)","decl":{"start":{"line":44,"column":17},"end":{"line":44,"column":18}},"loc":{"start":{"line":44,"column":72},"end":{"line":50,"column":1}}},"3":{"name":"(anonymous_4)","decl":{"start":{"line":54,"column":8},"end":{"line":54,"column":9}},"loc":{"start":{"line":54,"column":41},"end":{"line":54,"column":72}}},"4":{"name":"(anonymous_5)","decl":{"start":{"line":55,"column":8},"end":{"line":55,"column":9}},"loc":{"start":{"line":55,"column":41},"end":{"line":55,"column":72}}},"5":{"name":"(anonymous_6)","decl":{"start":{"line":56,"column":9},"end":{"line":56,"column":10}},"loc":{"start":{"line":56,"column":42},"end":{"line":56,"column":74}}},"6":{"name":"(anonymous_7)","decl":{"start":{"line":57,"column":9},"end":{"line":57,"column":10}},"loc":{"start":{"line":57,"column":42},"end":{"line":57,"column":74}}},"7":{"name":"(anonymous_8)","decl":{"start":{"line":61,"column":29},"end":{"line":61,"column":30}},"loc":{"start":{"line":61,"column":81},"end":{"line":76,"column":1}}},"8":{"name":"(anonymous_9)","decl":{"start":{"line":64,"column":19},"end":{"line":64,"column":22}},"loc":{"start":{"line":64,"column":24},"end":{"line":73,"column":3}}},"9":{"name":"(anonymous_10)","decl":{"start":{"line":79,"column":28},"end":{"line":79,"column":29}},"loc":{"start":{"line":79,"column":90},"end":{"line":92,"column":1}}}},"branchMap":{"0":{"loc":{"start":{"line":7,"column":0},"end":{"line":9,"column":1}},"type":"if","locations":[{"start":{"line":7,"column":0},"end":{"line":9,"column":1}},{"start":{},"end":{}}]},"1":{"loc":{"start":{"line":12,"column":18},"end":{"line":12,"column":108}},"type":"cond-expr","locations":[{"start":{"line":12,"column":52},"end":{"line":12,"column":56}},{"start":{"line":12,"column":59},"end":{"line":12,"column":108}}]},"2":{"loc":{"start":{"line":22,"column":2},"end":{"line":24,"column":3}},"type":"if","locations":[{"start":{"line":22,"column":2},"end":{"line":24,"column":3}},{"start":{},"end":{}}]},"3":{"loc":{"start":{"line":30,"column":2},"end":{"line":30,"column":53}},"type":"if","locations":[{"start":{"line":30,"column":2},"end":{"line":30,"column":53}},{"start":{},"end":{}}]},"4":{"loc":{"start":{"line":30,"column":6},"end":{"line":30,"column":39}},"type":"binary-expr","locations":[{"start":{"line":30,"column":6},"end":{"line":30,"column":11}},{"start":{"line":30,"column":15},"end":{"line":30,"column":39}}]},"5":{"loc":{"start":{"line":31,"column":20},"end":{"line":31,"column":65}},"type":"cond-expr","locations":[{"start":{"line":31,"column":42},"end":{"line":31,"column":51}},{"start":{"line":31,"column":54},"end":{"line":31,"column":65}}]},"6":{"loc":{"start":{"line":32,"column":2},"end":{"line":32,"column":60}},"type":"if","locations":[{"start":{"line":32,"column":2},"end":{"line":32,"column":60}},{"start":{},"end":{}}]},"7":{"loc":{"start":{"line":33,"column":2},"end":{"line":33,"column":99}},"type":"if","locations":[{"start":{"line":33,"column":2},"end":{"line":33,"column":99}},{"start":{},"end":{}}]},"8":{"loc":{"start":{"line":34,"column":2},"end":{"line":39,"column":3}},"type":"if","locations":[{"start":{"line":34,"column":2},"end":{"line":39,"column":3}},{"start":{},"end":{}}]},"9":{"loc":{"start":{"line":35,"column":4},"end":{"line":37,"column":5}},"type":"if","locations":[{"start":{"line":35,"column":4},"end":{"line":37,"column":5}},{"start":{},"end":{}}]},"10":{"loc":{"start":{"line":35,"column":8},"end":{"line":35,"column":59}},"type":"binary-expr","locations":[{"start":{"line":35,"column":8},"end":{"line":35,"column":37}},{"start":{"line":35,"column":41},"end":{"line":35,"column":59}}]},"11":{"loc":{"start":{"line":47,"column":2},"end":{"line":49,"column":3}},"type":"if","locations":[{"start":{"line":47,"column":2},"end":{"line":49,"column":3}},{"start":{},"end":{}}]},"12":{"loc":{"start":{"line":84,"column":8},"end":{"line":84,"column":89}},"type":"cond-expr","locations":[{"start":{"line":84,"column":48},"end":{"line":84,"column":84}},{"start":{"line":84,"column":87},"end":{"line":84,"column":89}}]},"13":{"loc":{"start":{"line":90,"column":8},"end":{"line":90,"column":74}},"type":"binary-expr","locations":[{"start":{"line":90,"column":8},"end":{"line":90,"column":46}},{"start":{"line":90,"column":50},"end":{"line":90,"column":74}}]}},"s":{"0":10,"1":10,"2":10,"3":10,"4":0,"5":10,"6":10,"7":10,"8":31,"9":31,"10":31,"11":29,"12":2,"13":10,"14":31,"15":2,"16":29,"17":29,"18":0,"19":29,"20":0,"21":29,"22":0,"23":0,"24":0,"25":29,"26":10,"27":31,"28":31,"29":31,"30":0,"31":10,"32":31,"33":0,"34":0,"35":0,"36":10,"37":29,"38":29,"39":29,"40":29,"41":29,"42":10,"43":10,"44":0,"45":0,"46":10},"f":{"0":31,"1":31,"2":31,"3":31,"4":0,"5":0,"6":0,"7":29,"8":29,"9":0},"b":{"0":[0,10],"1":[10,0],"2":[29,2],"3":[2,29],"4":[31,29],"5":[0,29],"6":[0,29],"7":[0,29],"8":[0,29],"9":[0,0],"10":[0,0],"11":[0,31],"12":[0,0],"13":[0,0]}}
}
