TN:
SF:src\app.ts
FN:18,(anonymous_1)
FN:24,(anonymous_2)
FN:27,(anonymous_3)
FN:47,(anonymous_4)
FN:73,(anonymous_5)
FN:81,(anonymous_6)
FN:90,(anonymous_7)
FN:98,(anonymous_8)
FNF:8
FNH:6
FNDA:10,(anonymous_1)
FNDA:10,(anonymous_2)
FNDA:29,(anonymous_3)
FNDA:29,(anonymous_4)
FNDA:1,(anonymous_5)
FNDA:1,(anonymous_6)
FNDA:0,(anonymous_7)
FNDA:0,(anonymous_8)
DA:1,10
DA:2,10
DA:3,10
DA:4,10
DA:5,10
DA:6,10
DA:7,10
DA:8,10
DA:9,10
DA:10,10
DA:11,10
DA:12,10
DA:13,10
DA:14,10
DA:15,10
DA:16,10
DA:18,10
DA:19,10
DA:20,10
DA:22,10
DA:24,10
DA:27,10
DA:28,29
DA:29,0
DA:30,0
DA:33,10
DA:34,10
DA:36,10
DA:43,10
DA:45,10
DA:48,29
DA:49,0
DA:58,10
DA:60,10
DA:61,10
DA:62,10
DA:64,10
DA:65,10
DA:66,10
DA:67,10
DA:68,10
DA:69,10
DA:70,10
DA:71,10
DA:73,10
DA:74,1
DA:81,10
DA:82,1
DA:90,10
DA:91,0
DA:98,10
DA:99,0
DA:100,0
DA:102,0
DA:113,0
DA:121,10
DA:123,10
LF:57
LH:49
BRDA:22,0,0,10
BRDA:22,0,1,10
BRDA:28,1,0,29
BRDA:28,1,1,0
BRDA:29,2,0,0
BRDA:29,2,1,0
BRDA:48,3,0,29
BRDA:48,3,1,0
BRDA:61,4,0,10
BRDA:61,4,1,0
BRDA:100,5,0,0
BRDA:100,5,1,0
BRDA:106,6,0,0
BRDA:106,6,1,0
BRDA:107,7,0,0
BRDA:107,7,1,0
BRDA:115,8,0,0
BRDA:115,8,1,0
BRF:18
BRH:5
end_of_record
TN:
SF:src\controllers\securityController.ts
FN:4,(anonymous_0)
FNF:1
FNH:1
FNDA:1,(anonymous_0)
DA:4,10
DA:5,1
DA:6,1
DA:7,1
DA:9,1
DA:10,0
DA:22,1
DA:27,0
DA:28,0
LF:9
LH:6
BRDA:9,0,0,0
BRDA:9,0,1,1
BRDA:11,1,0,0
BRDA:11,1,1,0
BRDA:11,2,0,0
BRDA:11,2,1,0
BRF:6
BRH:1
end_of_record
TN:
SF:src\middleware\auth.ts
FN:11,(anonymous_1)
FNF:1
FNH:1
FNDA:4,(anonymous_1)
DA:2,3
DA:3,3
DA:11,3
DA:16,4
DA:17,4
DA:19,4
DA:20,2
DA:23,2
DA:24,0
DA:29,2
DA:31,2
DA:32,0
DA:35,2
DA:37,1
DA:38,1
DA:40,1
LF:16
LH:14
BRDA:17,0,0,4
BRDA:17,0,1,1
BRDA:19,1,0,2
BRDA:19,1,1,2
BRDA:23,2,0,0
BRDA:23,2,1,2
BRDA:31,3,0,0
BRDA:31,3,1,2
BRF:8
BRH:6
end_of_record
TN:
SF:src\middleware\validation.ts
FN:5,(anonymous_0)
FN:23,(anonymous_1)
FN:36,(anonymous_2)
FN:53,(anonymous_3)
FN:66,(anonymous_4)
FN:77,(anonymous_5)
FNF:6
FNH:3
FNDA:0,(anonymous_0)
FNDA:0,(anonymous_1)
FNDA:10,(anonymous_2)
FNDA:5,(anonymous_3)
FNDA:0,(anonymous_4)
FNDA:20,(anonymous_5)
DA:2,10
DA:5,10
DA:6,0
DA:23,10
DA:24,0
DA:36,10
DA:37,10
DA:53,10
DA:54,5
DA:55,5
DA:56,2
DA:62,3
DA:66,10
DA:67,0
DA:77,10
DA:78,20
LF:16
LH:13
BRDA:55,0,0,2
BRDA:55,0,1,3
BRF:2
BRH:2
end_of_record
TN:
SF:src\models\EmailOtp.ts
FNF:0
FNH:0
DA:1,9
DA:15,9
DA:28,9
DA:30,9
DA:32,9
LF:5
LH:5
BRF:0
BRH:0
end_of_record
TN:
SF:src\models\EphemeralSession.ts
FNF:0
FNH:0
DA:1,9
DA:13,9
DA:44,9
LF:3
LH:3
BRF:0
BRH:0
end_of_record
TN:
SF:src\models\Message.ts
FNF:0
FNH:0
DA:1,8
DA:15,8
DA:55,8
DA:57,8
LF:4
LH:4
BRF:0
BRH:0
end_of_record
TN:
SF:src\models\Post.ts
FNF:0
FNH:0
DA:1,9
DA:13,9
DA:47,9
DA:49,9
LF:4
LH:4
BRF:0
BRH:0
end_of_record
TN:
SF:src\models\PrivateMessage.ts
FN:33,(anonymous_9)
FNF:1
FNH:0
FNDA:0,(anonymous_9)
DA:1,7
DA:12,7
DA:33,0
DA:42,7
DA:44,7
LF:5
LH:4
BRF:0
BRH:0
end_of_record
TN:
SF:src\models\User.ts
FNF:0
FNH:0
DA:1,5
DA:20,5
DA:82,5
DA:84,5
LF:4
LH:4
BRF:0
BRH:0
end_of_record
TN:
SF:src\routes\ai.ts
FN:18,(anonymous_1)
FN:19,(anonymous_2)
FN:35,(anonymous_3)
FN:48,(anonymous_4)
FN:93,(anonymous_5)
FNF:5
FNH:2
FNDA:0,(anonymous_1)
FNDA:0,(anonymous_2)
FNDA:1,(anonymous_3)
FNDA:1,(anonymous_4)
FNDA:0,(anonymous_5)
DA:1,10
DA:2,10
DA:3,10
DA:4,10
DA:5,10
DA:6,10
DA:7,10
DA:9,10
DA:11,10
DA:12,10
DA:13,0
DA:16,10
DA:18,0
DA:20,0
DA:21,0
DA:27,10
DA:35,10
DA:36,1
DA:38,1
DA:39,0
DA:40,0
DA:41,0
DA:43,0
DA:45,0
DA:48,10
DA:49,1
DA:50,1
DA:52,1
DA:53,1
DA:54,1
DA:55,1
DA:58,0
DA:78,0
DA:79,0
DA:81,0
DA:82,0
DA:83,0
DA:86,0
DA:88,0
DA:89,0
DA:93,10
DA:94,0
DA:95,0
DA:96,0
DA:97,0
DA:100,0
DA:101,0
DA:102,0
DA:103,0
DA:106,0
DA:107,0
DA:108,0
DA:109,0
DA:110,0
DA:112,0
DA:120,0
DA:121,0
DA:122,0
DA:123,0
DA:126,0
DA:128,0
DA:129,0
DA:131,0
DA:132,0
DA:133,0
DA:139,10
LF:66
LH:24
BRDA:12,0,0,0
BRDA:12,0,1,10
BRDA:21,1,0,0
BRDA:21,1,1,0
BRDA:38,2,0,1
BRDA:38,2,1,0
BRDA:38,3,0,1
BRDA:38,3,1,0
BRDA:39,4,0,0
BRDA:39,4,1,0
BRDA:39,5,0,0
BRDA:39,5,1,0
BRDA:40,6,0,0
BRDA:40,6,1,0
BRDA:40,7,0,0
BRDA:40,7,1,0
BRDA:40,7,2,0
BRDA:43,8,0,0
BRDA:43,8,1,0
BRDA:43,9,0,0
BRDA:43,9,1,0
BRDA:53,10,0,1
BRDA:53,10,1,0
BRDA:65,11,0,0
BRDA:65,11,1,0
BRDA:81,12,0,0
BRDA:81,12,1,0
BRDA:81,13,0,0
BRDA:81,13,1,0
BRDA:95,14,0,0
BRDA:95,14,1,0
BRDA:101,15,0,0
BRDA:101,15,1,0
BRDA:108,16,0,0
BRDA:108,16,1,0
BRDA:109,17,0,0
BRDA:109,17,1,0
BRDA:121,18,0,0
BRDA:121,18,1,0
BRDA:122,19,0,0
BRDA:122,19,1,0
BRDA:126,20,0,0
BRDA:126,20,1,0
BRDA:129,21,0,0
BRDA:129,21,1,0
BRDA:131,22,0,0
BRDA:131,22,1,0
BRF:47
BRH:4
end_of_record
TN:
SF:src\routes\auth.ts
FN:21,(anonymous_1)
FN:23,(anonymous_2)
FN:27,(anonymous_3)
FN:32,(anonymous_4)
FN:151,(anonymous_5)
FN:211,(anonymous_6)
FN:243,(anonymous_7)
FN:310,(anonymous_8)
FN:335,(anonymous_9)
FN:346,(anonymous_10)
FNF:10
FNH:8
FNDA:4,(anonymous_1)
FNDA:1,(anonymous_2)
FNDA:2,(anonymous_3)
FNDA:1,(anonymous_4)
FNDA:0,(anonymous_5)
FNDA:2,(anonymous_6)
FNDA:2,(anonymous_7)
FNDA:2,(anonymous_8)
FNDA:0,(anonymous_9)
FNDA:1,(anonymous_10)
DA:1,10
DA:2,10
DA:4,10
DA:5,10
DA:6,10
DA:7,10
DA:8,10
DA:9,10
DA:10,10
DA:12,10
DA:14,10
DA:21,10
DA:23,10
DA:24,1
DA:27,10
DA:28,2
DA:32,10
DA:33,1
DA:34,1
DA:42,1
DA:43,1
DA:44,1
DA:45,1
DA:47,1
DA:48,1
DA:49,1
DA:51,1
DA:52,0
DA:53,0
DA:57,1
DA:62,1
DA:66,1
DA:67,1
DA:68,1
DA:70,1
DA:71,1
DA:73,1
DA:75,1
DA:77,0
DA:78,0
DA:79,0
DA:80,0
DA:81,0
DA:82,0
DA:83,0
DA:86,1
DA:94,1
DA:97,1
DA:98,1
DA:101,1
DA:104,0
DA:108,0
DA:110,0
DA:111,0
DA:112,0
DA:113,0
DA:114,0
DA:115,0
DA:116,0
DA:117,0
DA:118,0
DA:123,0
DA:124,0
DA:125,0
DA:126,0
DA:127,0
DA:128,0
DA:129,0
DA:130,0
DA:131,0
DA:132,0
DA:133,0
DA:136,0
DA:137,0
DA:138,0
DA:139,0
DA:140,0
DA:141,0
DA:142,0
DA:143,0
DA:144,0
DA:145,0
DA:146,0
DA:149,0
DA:150,0
DA:151,0
DA:158,0
DA:159,0
DA:163,1
DA:167,1
DA:168,0
DA:169,0
DA:173,1
DA:174,0
DA:177,1
DA:189,0
DA:190,0
DA:197,0
DA:201,0
DA:211,10
DA:212,2
DA:213,2
DA:214,2
DA:215,1
DA:216,1
DA:219,1
DA:220,1
DA:221,1
DA:222,1
DA:223,1
DA:225,1
DA:235,1
DA:237,1
DA:239,0
DA:243,10
DA:244,2
DA:245,2
DA:246,2
DA:248,2
DA:249,1
DA:250,1
DA:253,1
DA:254,1
DA:255,0
DA:256,0
DA:259,1
DA:260,0
DA:261,0
DA:264,1
DA:265,0
DA:266,0
DA:269,1
DA:270,0
DA:271,0
DA:274,1
DA:275,1
DA:276,0
DA:277,0
DA:278,0
DA:279,0
DA:282,1
DA:283,1
DA:285,1
DA:286,0
DA:287,0
DA:291,1
DA:292,1
DA:294,1
DA:295,1
DA:297,0
DA:301,1
DA:303,1
DA:305,0
DA:310,10
DA:311,2
DA:312,2
DA:313,2
DA:315,2
DA:316,1
DA:317,1
DA:320,1
DA:322,1
DA:323,1
DA:324,1
DA:327,0
DA:329,0
DA:330,0
DA:335,10
DA:336,0
DA:337,0
DA:338,0
DA:340,0
DA:341,0
DA:346,10
DA:347,1
DA:348,1
DA:350,1
DA:355,1
DA:357,0
DA:358,0
DA:362,10
LF:181
LH:100
BRDA:21,0,0,4
BRDA:21,0,1,0
BRDA:42,1,0,1
BRDA:42,1,1,0
BRDA:48,2,0,1
BRDA:48,2,1,0
BRDA:48,2,2,0
BRDA:49,3,0,1
BRDA:49,3,1,1
BRDA:49,3,2,1
BRDA:51,4,0,0
BRDA:51,4,1,1
BRDA:51,5,0,1
BRDA:51,5,1,1
BRDA:51,5,2,0
BRDA:57,6,0,1
BRDA:57,6,1,0
BRDA:57,6,2,0
BRDA:59,7,0,0
BRDA:59,7,1,0
BRDA:59,8,0,0
BRDA:59,8,1,0
BRDA:62,9,0,1
BRDA:62,9,1,1
BRDA:62,9,2,1
BRDA:70,10,0,2
BRDA:70,10,1,2
BRDA:75,11,0,0
BRDA:75,11,1,1
BRDA:77,12,0,0
BRDA:77,12,1,0
BRDA:78,13,0,0
BRDA:78,13,1,0
BRDA:79,14,0,0
BRDA:79,14,1,0
BRDA:80,15,0,0
BRDA:80,15,1,0
BRDA:90,16,0,1
BRDA:90,16,1,1
BRDA:94,17,0,1
BRDA:94,17,1,0
BRDA:97,18,0,1
BRDA:97,18,1,0
BRDA:97,19,0,1
BRDA:97,19,1,1
BRDA:104,20,0,0
BRDA:104,20,1,0
BRDA:108,21,0,0
BRDA:108,21,1,0
BRDA:110,22,0,0
BRDA:110,22,1,0
BRDA:111,23,0,0
BRDA:111,23,1,0
BRDA:112,24,0,0
BRDA:112,24,1,0
BRDA:113,25,0,0
BRDA:113,25,1,0
BRDA:114,26,0,0
BRDA:114,26,1,0
BRDA:115,27,0,0
BRDA:115,27,1,0
BRDA:124,28,0,0
BRDA:124,28,1,0
BRDA:127,29,0,0
BRDA:127,29,1,0
BRDA:128,30,0,0
BRDA:128,30,1,0
BRDA:129,31,0,0
BRDA:129,31,1,0
BRDA:137,32,0,0
BRDA:137,32,1,0
BRDA:140,33,0,0
BRDA:140,33,1,0
BRDA:141,34,0,0
BRDA:141,34,1,0
BRDA:142,35,0,0
BRDA:142,35,1,0
BRDA:149,36,0,0
BRDA:149,36,1,0
BRDA:167,37,0,0
BRDA:167,37,1,1
BRDA:173,38,0,0
BRDA:173,38,1,1
BRDA:189,39,0,0
BRDA:189,39,1,0
BRDA:197,40,0,0
BRDA:197,40,1,0
BRDA:203,41,0,0
BRDA:203,41,1,0
BRDA:204,42,0,0
BRDA:204,42,1,0
BRDA:206,43,0,0
BRDA:206,43,1,0
BRDA:214,44,0,1
BRDA:214,44,1,1
BRDA:214,45,0,2
BRDA:214,45,1,2
BRDA:222,46,0,1
BRDA:222,46,1,1
BRDA:239,47,0,0
BRDA:239,47,1,0
BRDA:246,48,0,2
BRDA:246,48,1,0
BRDA:248,49,0,1
BRDA:248,49,1,1
BRDA:248,50,0,2
BRDA:248,50,1,2
BRDA:248,50,2,2
BRDA:254,51,0,0
BRDA:254,51,1,1
BRDA:259,52,0,0
BRDA:259,52,1,1
BRDA:264,53,0,0
BRDA:264,53,1,1
BRDA:269,54,0,0
BRDA:269,54,1,1
BRDA:275,55,0,0
BRDA:275,55,1,1
BRDA:285,56,0,0
BRDA:285,56,1,1
BRDA:294,57,0,1
BRDA:294,57,1,0
BRDA:305,58,0,0
BRDA:305,58,1,0
BRDA:315,59,0,1
BRDA:315,59,1,1
BRDA:322,60,0,1
BRDA:322,60,1,0
BRF:128
BRH:46
end_of_record
TN:
SF:src\routes\legal.ts
FN:14,(anonymous_1)
FN:78,(anonymous_2)
FN:130,(anonymous_3)
FNF:3
FNH:1
FNDA:1,(anonymous_1)
FNDA:0,(anonymous_2)
FNDA:0,(anonymous_3)
DA:1,10
DA:2,10
DA:3,10
DA:4,10
DA:5,10
DA:6,10
DA:8,10
DA:14,10
DA:15,1
DA:78,10
DA:79,0
DA:80,0
DA:81,0
DA:84,0
DA:85,0
DA:86,0
DA:87,0
DA:91,0
DA:92,0
DA:93,0
DA:96,0
DA:101,0
DA:109,0
DA:111,0
DA:116,0
DA:117,0
DA:125,10
DA:131,0
DA:132,0
DA:133,0
DA:134,0
DA:136,0
DA:137,0
DA:138,0
DA:139,0
DA:143,0
DA:144,0
DA:145,0
DA:147,0
DA:149,0
DA:160,0
DA:161,0
DA:166,10
LF:43
LH:12
BRDA:85,0,0,0
BRDA:85,0,1,0
BRDA:137,1,0,0
BRDA:137,1,1,0
BRDA:143,2,0,0
BRDA:143,2,1,0
BRDA:144,3,0,0
BRDA:144,3,1,0
BRDA:145,4,0,0
BRDA:145,4,1,0
BRF:10
BRH:0
end_of_record
TN:
SF:src\routes\media.ts
FN:16,(anonymous_1)
FN:20,(anonymous_2)
FN:32,(anonymous_3)
FN:52,(anonymous_4)
FN:99,(anonymous_5)
FN:114,(anonymous_6)
FN:137,(anonymous_7)
FN:147,(anonymous_8)
FN:147,(anonymous_9)
FN:149,(anonymous_10)
FN:168,(anonymous_11)
FN:168,(anonymous_12)
FN:183,(anonymous_13)
FNF:13
FNH:5
FNDA:1,(anonymous_1)
FNDA:1,(anonymous_2)
FNDA:1,(anonymous_3)
FNDA:2,(anonymous_4)
FNDA:0,(anonymous_5)
FNDA:0,(anonymous_6)
FNDA:0,(anonymous_7)
FNDA:0,(anonymous_8)
FNDA:0,(anonymous_9)
FNDA:0,(anonymous_10)
FNDA:0,(anonymous_11)
FNDA:0,(anonymous_12)
FNDA:1,(anonymous_13)
DA:1,10
DA:2,10
DA:3,10
DA:4,10
DA:5,10
DA:6,10
DA:8,10
DA:10,10
DA:11,0
DA:15,10
DA:18,1
DA:22,1
DA:23,1
DA:27,10
DA:34,1
DA:39,1
DA:41,0
DA:52,10
DA:53,2
DA:55,2
DA:56,0
DA:60,0
DA:64,2
DA:65,1
DA:69,1
DA:73,1
DA:79,1
DA:81,1
DA:95,0
DA:98,0
DA:99,0
DA:102,0
DA:114,10
DA:115,0
DA:117,0
DA:118,0
DA:122,0
DA:126,0
DA:127,0
DA:131,0
DA:134,0
DA:137,0
DA:138,0
DA:144,0
DA:147,0
DA:149,0
DA:157,0
DA:163,0
DA:166,0
DA:167,0
DA:168,0
DA:172,0
DA:183,10
DA:184,1
DA:185,1
DA:194,10
LF:56
LH:29
BRDA:10,0,0,0
BRDA:10,0,1,10
BRDA:34,1,0,1
BRDA:34,1,1,0
BRDA:34,2,0,1
BRDA:34,2,1,1
BRDA:34,2,2,1
BRDA:34,2,3,1
BRDA:34,2,4,1
BRDA:55,3,0,0
BRDA:55,3,1,2
BRDA:64,4,0,1
BRDA:64,4,1,1
BRDA:98,5,0,0
BRDA:98,5,1,0
BRDA:104,6,0,0
BRDA:104,6,1,0
BRDA:117,7,0,0
BRDA:117,7,1,0
BRDA:126,8,0,0
BRDA:126,8,1,0
BRDA:126,9,0,0
BRDA:126,9,1,0
BRDA:166,10,0,0
BRDA:166,10,1,0
BRDA:174,11,0,0
BRDA:174,11,1,0
BRDA:187,12,0,0
BRDA:187,12,1,1
BRDA:188,13,0,0
BRDA:188,13,1,1
BRF:31
BRH:12
end_of_record
TN:
SF:src\routes\post.ts
FN:25,(anonymous_1)
FN:51,(anonymous_2)
FN:87,(anonymous_3)
FN:109,(anonymous_4)
FN:110,(anonymous_5)
FN:135,(anonymous_6)
FN:153,(anonymous_7)
FN:162,(anonymous_8)
FNF:8
FNH:7
FNDA:2,(anonymous_1)
FNDA:1,(anonymous_2)
FNDA:1,(anonymous_3)
FNDA:1,(anonymous_4)
FNDA:2,(anonymous_5)
FNDA:1,(anonymous_6)
FNDA:0,(anonymous_7)
FNDA:1,(anonymous_8)
DA:1,10
DA:2,10
DA:3,10
DA:4,10
DA:5,10
DA:6,10
DA:8,10
DA:10,10
DA:26,2
DA:27,2
DA:28,2
DA:29,2
DA:31,2
DA:32,1
DA:34,1
DA:35,0
DA:37,1
DA:46,10
DA:52,1
DA:53,1
DA:54,1
DA:56,1
DA:57,1
DA:58,0
DA:59,0
DA:62,1
DA:69,1
DA:71,1
DA:76,0
DA:77,0
DA:87,10
DA:88,1
DA:89,1
DA:90,1
DA:91,1
DA:92,0
DA:93,0
DA:96,1
DA:97,1
DA:98,1
DA:100,1
DA:109,1
DA:110,2
DA:111,1
DA:118,1
DA:126,0
DA:127,0
DA:135,10
DA:136,1
DA:137,1
DA:138,1
DA:139,1
DA:140,0
DA:141,0
DA:144,1
DA:145,1
DA:146,1
DA:147,0
DA:148,0
DA:151,1
DA:152,1
DA:153,1
DA:155,1
DA:156,0
DA:158,1
DA:161,1
DA:162,1
DA:164,1
DA:173,0
DA:174,0
DA:178,10
LF:71
LH:55
BRDA:26,0,0,2
BRDA:26,0,1,0
BRDA:27,1,0,1
BRDA:27,1,1,1
BRDA:28,2,0,0
BRDA:28,2,1,2
BRDA:29,3,0,0
BRDA:29,3,1,2
BRDA:31,4,0,1
BRDA:31,4,1,1
BRDA:31,5,0,2
BRDA:31,5,1,1
BRDA:34,6,0,0
BRDA:34,6,1,1
BRDA:34,7,0,1
BRDA:34,7,1,0
BRDA:57,8,0,0
BRDA:57,8,1,1
BRDA:64,9,0,1
BRDA:64,9,1,0
BRDA:65,10,0,1
BRDA:65,10,1,1
BRDA:91,11,0,0
BRDA:91,11,1,1
BRDA:96,12,0,1
BRDA:96,12,1,1
BRDA:97,13,0,1
BRDA:97,13,1,1
BRDA:110,14,0,1
BRDA:110,14,1,0
BRDA:139,15,0,0
BRDA:139,15,1,1
BRDA:146,16,0,0
BRDA:146,16,1,1
BRDA:153,17,0,1
BRDA:153,17,1,1
BRDA:155,18,0,0
BRDA:155,18,1,1
BRDA:162,19,0,1
BRDA:162,19,1,0
BRF:40
BRH:27
end_of_record
TN:
SF:src\routes\private.ts
FN:23,(anonymous_1)
FN:33,(anonymous_2)
FN:77,(anonymous_3)
FNF:3
FNH:3
FNDA:1,(anonymous_1)
FNDA:2,(anonymous_2)
FNDA:3,(anonymous_3)
DA:1,10
DA:2,10
DA:3,10
DA:4,10
DA:5,10
DA:6,10
DA:7,10
DA:8,10
DA:10,10
DA:13,10
DA:23,10
DA:24,1
DA:25,1
DA:26,1
DA:27,12
DA:29,1
DA:33,10
DA:34,2
DA:35,2
DA:36,2
DA:38,2
DA:39,1
DA:40,1
DA:44,1
DA:45,1
DA:46,1
DA:49,1
DA:58,1
DA:60,1
DA:67,0
DA:69,0
DA:77,10
DA:78,3
DA:79,3
DA:80,3
DA:81,3
DA:83,3
DA:84,0
DA:85,0
DA:88,3
DA:89,1
DA:90,1
DA:94,2
DA:95,2
DA:96,1
DA:97,1
DA:101,1
DA:104,1
DA:111,1
DA:113,1
DA:118,0
DA:119,0
DA:123,10
LF:53
LH:47
BRDA:23,0,0,1
BRDA:38,1,0,1
BRDA:38,1,1,1
BRDA:54,2,0,1
BRDA:54,2,1,1
BRDA:71,3,0,0
BRDA:71,3,1,0
BRDA:83,4,0,0
BRDA:83,4,1,3
BRDA:88,5,0,1
BRDA:88,5,1,2
BRDA:95,6,0,1
BRDA:95,6,1,1
BRF:13
BRH:10
end_of_record
TN:
SF:src\routes\security.ts
FN:18,(anonymous_0)
FNF:1
FNH:1
FNDA:1,(anonymous_0)
DA:1,10
DA:2,10
DA:3,10
DA:5,10
DA:12,10
DA:18,10
DA:19,1
DA:26,10
LF:8
LH:8
BRF:0
BRH:0
end_of_record
TN:
SF:src\routes\story.ts
FN:7,(anonymous_1)
FN:12,(anonymous_2)
FNF:2
FNH:0
FNDA:0,(anonymous_1)
FNDA:0,(anonymous_2)
DA:1,10
DA:4,10
DA:7,10
DA:8,0
DA:12,10
DA:13,0
DA:16,10
LF:7
LH:5
BRF:0
BRH:0
end_of_record
TN:
SF:src\routes\test.ts
FN:14,(anonymous_1)
FN:73,(anonymous_2)
FN:110,(anonymous_3)
FNF:3
FNH:0
FNDA:0,(anonymous_1)
FNDA:0,(anonymous_2)
FNDA:0,(anonymous_3)
DA:1,10
DA:2,10
DA:3,10
DA:4,10
DA:5,10
DA:7,10
DA:14,10
DA:15,0
DA:16,0
DA:18,0
DA:19,0
DA:22,0
DA:26,0
DA:27,0
DA:30,0
DA:33,0
DA:34,0
DA:35,0
DA:36,0
DA:37,0
DA:40,0
DA:41,0
DA:45,0
DA:49,0
DA:51,0
DA:52,0
DA:57,0
DA:63,0
DA:64,0
DA:73,10
DA:74,0
DA:75,0
DA:76,0
DA:78,0
DA:79,0
DA:82,0
DA:85,0
DA:91,0
DA:92,0
DA:93,0
DA:96,0
DA:101,0
DA:102,0
DA:110,10
DA:111,0
DA:112,0
DA:120,10
LF:47
LH:10
BRDA:18,0,0,0
BRDA:18,0,1,0
BRDA:18,1,0,0
BRDA:18,1,1,0
BRDA:26,2,0,0
BRDA:26,2,1,0
BRDA:35,3,0,0
BRDA:35,3,1,0
BRDA:40,4,0,0
BRDA:40,4,1,0
BRDA:51,5,0,0
BRDA:51,5,1,0
BRDA:64,6,0,0
BRDA:64,6,1,0
BRDA:78,7,0,0
BRDA:78,7,1,0
BRDA:91,8,0,0
BRDA:91,8,1,0
BRDA:102,9,0,0
BRDA:102,9,1,0
BRDA:114,10,0,0
BRDA:114,10,1,0
BRF:22
BRH:0
end_of_record
TN:
SF:src\routes\user.ts
FN:15,(anonymous_1)
FN:67,(anonymous_2)
FNF:2
FNH:2
FNDA:1,(anonymous_1)
FNDA:1,(anonymous_2)
DA:1,10
DA:2,10
DA:3,10
DA:4,10
DA:5,10
DA:6,10
DA:8,10
DA:15,10
DA:16,1
DA:17,1
DA:18,1
DA:21,1
DA:22,1
DA:23,0
DA:24,0
DA:28,1
DA:29,1
DA:30,1
DA:33,1
DA:38,1
DA:46,1
DA:48,1
DA:53,0
DA:54,0
DA:62,10
DA:68,1
DA:69,1
DA:70,1
DA:71,1
DA:73,1
DA:74,1
DA:75,0
DA:76,0
DA:80,1
DA:81,1
DA:82,1
DA:84,1
DA:86,1
DA:97,0
DA:98,0
DA:103,10
LF:41
LH:33
BRDA:22,0,0,0
BRDA:22,0,1,1
BRDA:74,1,0,0
BRDA:74,1,1,1
BRDA:80,2,0,1
BRDA:80,2,1,0
BRDA:81,3,0,0
BRDA:81,3,1,1
BRDA:82,4,0,0
BRDA:82,4,1,1
BRF:10
BRH:5
end_of_record
TN:
SF:src\services\cloudinary.ts
FN:17,(anonymous_0)
FN:40,(anonymous_1)
FN:45,(anonymous_2)
FN:66,(anonymous_3)
FN:79,(anonymous_4)
FNF:5
FNH:3
FNDA:1,(anonymous_0)
FNDA:0,(anonymous_1)
FNDA:0,(anonymous_2)
FNDA:1,(anonymous_3)
FNDA:1,(anonymous_4)
DA:1,12
DA:5,12
DA:17,12
DA:21,1
DA:23,1
DA:29,1
DA:30,1
DA:32,0
DA:33,0
DA:40,12
DA:44,0
DA:45,0
DA:46,0
DA:53,0
DA:54,0
DA:56,0
DA:57,0
DA:66,12
DA:67,1
DA:68,1
DA:69,1
DA:71,0
DA:72,0
DA:79,12
DA:80,1
DA:87,12
LF:26
LH:15
BRDA:19,0,0,0
BRDA:42,1,0,0
BRDA:81,2,0,1
BRDA:81,2,1,0
BRDA:81,2,2,0
BRF:5
BRH:1
end_of_record
TN:
SF:src\services\mailer.ts
FN:3,(anonymous_1)
FN:7,(anonymous_2)
FNF:2
FNH:0
FNDA:0,(anonymous_1)
FNDA:0,(anonymous_2)
DA:1,9
DA:3,9
DA:4,0
DA:7,9
DA:8,0
DA:9,0
DA:12,0
DA:13,0
DA:14,0
DA:15,0
DA:16,0
DA:18,0
DA:25,0
DA:26,0
DA:28,0
LF:15
LH:3
BRDA:4,0,0,0
BRDA:4,0,1,0
BRDA:4,0,2,0
BRDA:4,0,3,0
BRDA:8,1,0,0
BRDA:8,1,1,0
BRDA:16,2,0,0
BRDA:16,2,1,0
BRDA:25,3,0,0
BRDA:25,3,1,0
BRDA:26,4,0,0
BRDA:26,4,1,0
BRF:12
BRH:0
end_of_record
TN:
SF:src\services\notifications.ts
FN:15,(anonymous_1)
FN:54,(anonymous_2)
FN:105,(anonymous_3)
FN:148,(anonymous_4)
FNF:4
FNH:3
FNDA:2,(anonymous_1)
FNDA:1,(anonymous_2)
FNDA:0,(anonymous_3)
FNDA:2,(anonymous_4)
DA:1,12
DA:8,12
DA:15,12
DA:16,2
DA:17,0
DA:20,2
DA:22,2
DA:23,2
DA:24,1
DA:25,0
DA:29,1
DA:32,1
DA:34,1
DA:38,1
DA:39,1
DA:40,0
DA:42,1
DA:44,0
DA:45,0
DA:47,0
DA:54,12
DA:60,1
DA:61,1
DA:64,0
DA:65,0
DA:89,0
DA:90,0
DA:91,0
DA:93,0
DA:95,0
DA:96,0
DA:98,0
DA:105,12
DA:111,0
DA:112,0
DA:115,0
DA:116,0
DA:119,0
DA:120,0
DA:129,0
DA:130,0
DA:131,0
DA:133,0
DA:138,0
DA:139,0
DA:141,0
DA:148,12
DA:149,2
LF:48
LH:20
BRDA:16,0,0,0
BRDA:16,0,1,2
BRDA:23,1,0,1
BRDA:23,1,1,1
BRDA:24,2,0,0
BRDA:24,2,1,1
BRDA:39,3,0,0
BRDA:39,3,1,1
BRDA:44,4,0,0
BRDA:44,4,1,0
BRDA:60,5,0,1
BRDA:60,5,1,0
BRDA:71,6,0,0
BRDA:71,6,1,0
BRDA:90,7,0,0
BRDA:90,7,1,0
BRDA:95,8,0,0
BRDA:95,8,1,0
BRDA:98,9,0,0
BRDA:98,9,1,0
BRDA:111,10,0,0
BRDA:111,10,1,0
BRDA:115,11,0,0
BRDA:115,11,1,0
BRDA:126,12,0,0
BRDA:126,12,1,0
BRDA:130,13,0,0
BRDA:130,13,1,0
BRDA:138,14,0,0
BRDA:138,14,1,0
BRF:30
BRH:6
end_of_record
TN:
SF:src\utils\logger.ts
FN:18,(anonymous_1)
FN:29,(anonymous_2)
FN:44,(anonymous_3)
FN:54,(anonymous_4)
FN:55,(anonymous_5)
FN:56,(anonymous_6)
FN:57,(anonymous_7)
FN:61,(anonymous_8)
FN:64,(anonymous_9)
FN:79,(anonymous_10)
FNF:10
FNH:6
FNDA:31,(anonymous_1)
FNDA:31,(anonymous_2)
FNDA:31,(anonymous_3)
FNDA:31,(anonymous_4)
FNDA:0,(anonymous_5)
FNDA:0,(anonymous_6)
FNDA:0,(anonymous_7)
FNDA:29,(anonymous_8)
FNDA:29,(anonymous_9)
FNDA:0,(anonymous_10)
DA:1,10
DA:2,10
DA:6,10
DA:7,10
DA:8,0
DA:11,10
DA:12,10
DA:18,10
DA:19,31
DA:20,31
DA:22,31
DA:23,29
DA:26,2
DA:29,10
DA:30,31
DA:31,29
DA:32,29
DA:33,29
DA:34,29
DA:35,0
DA:36,0
DA:38,0
DA:40,29
DA:44,10
DA:45,31
DA:46,31
DA:47,31
DA:48,0
DA:53,10
DA:54,31
DA:55,0
DA:56,0
DA:57,0
DA:61,10
DA:62,29
DA:64,29
DA:65,29
DA:66,29
DA:75,29
DA:79,10
DA:80,0
DA:88,0
LF:42
LH:32
BRDA:7,0,0,0
BRDA:7,0,1,10
BRDA:12,1,0,10
BRDA:12,1,1,0
BRDA:22,2,0,29
BRDA:22,2,1,2
BRDA:30,3,0,2
BRDA:30,3,1,29
BRDA:30,4,0,31
BRDA:30,4,1,29
BRDA:31,5,0,0
BRDA:31,5,1,29
BRDA:32,6,0,0
BRDA:32,6,1,29
BRDA:33,7,0,0
BRDA:33,7,1,29
BRDA:34,8,0,0
BRDA:34,8,1,29
BRDA:35,9,0,0
BRDA:35,9,1,0
BRDA:35,10,0,0
BRDA:35,10,1,0
BRDA:47,11,0,0
BRDA:47,11,1,31
BRDA:84,12,0,0
BRDA:84,12,1,0
BRDA:90,13,0,0
BRDA:90,13,1,0
BRF:28
BRH:13
end_of_record
